<?xml version="1.0" encoding="UTF-8"?>
<testsuite xmlns:xsi="http://www.w3.org/2001/XMLSchema-instance" xsi:noNamespaceSchemaLocation="https://maven.apache.org/surefire/maven-surefire-plugin/xsd/surefire-test-report-3.0.xsd" version="3.0" name="TestSuite" time="50.613" tests="2" errors="0" skipped="0" failures="0">
  <properties>
    <property name="sun.desktop" value="windows"/>
    <property name="awt.toolkit" value="sun.awt.windows.WToolkit"/>
    <property name="java.specification.version" value="11"/>
    <property name="sun.cpu.isalist" value="amd64"/>
    <property name="sun.jnu.encoding" value="Cp1252"/>
    <property name="java.class.path" value="C:\Users\user\eclipse-workspace\appiumFrameworkPage\target\test-classes;C:\Users\user\eclipse-workspace\appiumFrameworkPage\target\classes;C:\Users\user\.m2\repository\io\appium\java-client\8.3.0\java-client-8.3.0.jar;C:\Users\user\.m2\repository\com\google\code\gson\gson\2.10\gson-2.10.jar;C:\Users\user\.m2\repository\cglib\cglib\3.3.0\cglib-3.3.0.jar;C:\Users\user\.m2\repository\org\ow2\asm\asm\7.1\asm-7.1.jar;C:\Users\user\.m2\repository\commons-validator\commons-validator\1.7\commons-validator-1.7.jar;C:\Users\user\.m2\repository\commons-beanutils\commons-beanutils\1.9.4\commons-beanutils-1.9.4.jar;C:\Users\user\.m2\repository\commons-digester\commons-digester\2.1\commons-digester-2.1.jar;C:\Users\user\.m2\repository\commons-logging\commons-logging\1.2\commons-logging-1.2.jar;C:\Users\user\.m2\repository\commons-collections\commons-collections\3.2.2\commons-collections-3.2.2.jar;C:\Users\user\.m2\repository\org\apache\commons\commons-lang3\3.12.0\commons-lang3-3.12.0.jar;C:\Users\user\.m2\repository\org\slf4j\slf4j-api\2.0.5\slf4j-api-2.0.5.jar;C:\Users\user\.m2\repository\org\testng\testng\7.7.1\testng-7.7.1.jar;C:\Users\user\.m2\repository\com\beust\jcommander\1.82\jcommander-1.82.jar;C:\Users\user\.m2\repository\org\webjars\jquery\3.6.1\jquery-3.6.1.jar;C:\Users\user\.m2\repository\com\aventstack\extentreports\5.1.1\extentreports-5.1.1.jar;C:\Users\user\.m2\repository\io\reactivex\rxjava3\rxjava\3.1.6\rxjava-3.1.6.jar;C:\Users\user\.m2\repository\org\reactivestreams\reactive-streams\1.0.4\reactive-streams-1.0.4.jar;C:\Users\user\.m2\repository\org\freemarker\freemarker\2.3.32\freemarker-2.3.32.jar;C:\Users\user\.m2\repository\org\projectlombok\lombok\1.18.26\lombok-1.18.26.jar;C:\Users\user\.m2\repository\com\fasterxml\jackson\core\jackson-databind\2.17.0\jackson-databind-2.17.0.jar;C:\Users\user\.m2\repository\com\fasterxml\jackson\core\jackson-annotations\2.17.0\jackson-annotations-2.17.0.jar;C:\Users\user\.m2\repository\com\fasterxml\jackson\core\jackson-core\2.17.0\jackson-core-2.17.0.jar;C:\Users\user\.m2\repository\net\bytebuddy\byte-buddy\1.14.9\byte-buddy-1.14.9.jar;C:\Users\user\.m2\repository\commons-io\commons-io\2.15.1\commons-io-2.15.1.jar;C:\Users\user\.m2\repository\org\seleniumhq\selenium\selenium-support\4.7.0\selenium-support-4.7.0.jar;C:\Users\user\.m2\repository\com\google\auto\service\auto-service-annotations\1.0.1\auto-service-annotations-1.0.1.jar;C:\Users\user\.m2\repository\com\google\auto\service\auto-service\1.0.1\auto-service-1.0.1.jar;C:\Users\user\.m2\repository\com\google\auto\auto-common\1.2\auto-common-1.2.jar;C:\Users\user\.m2\repository\com\google\guava\guava\31.1-jre\guava-31.1-jre.jar;C:\Users\user\.m2\repository\com\google\guava\failureaccess\1.0.1\failureaccess-1.0.1.jar;C:\Users\user\.m2\repository\com\google\guava\listenablefuture\9999.0-empty-to-avoid-conflict-with-guava\listenablefuture-9999.0-empty-to-avoid-conflict-with-guava.jar;C:\Users\user\.m2\repository\com\google\code\findbugs\jsr305\3.0.2\jsr305-3.0.2.jar;C:\Users\user\.m2\repository\org\checkerframework\checker-qual\3.12.0\checker-qual-3.12.0.jar;C:\Users\user\.m2\repository\com\google\errorprone\error_prone_annotations\2.11.0\error_prone_annotations-2.11.0.jar;C:\Users\user\.m2\repository\com\google\j2objc\j2objc-annotations\1.3\j2objc-annotations-1.3.jar;C:\Users\user\.m2\repository\org\seleniumhq\selenium\selenium-json\4.7.0\selenium-json-4.7.0.jar;C:\Users\user\.m2\repository\org\seleniumhq\selenium\selenium-remote-driver\4.7.0\selenium-remote-driver-4.7.0.jar;C:\Users\user\.m2\repository\io\netty\netty-buffer\4.1.84.Final\netty-buffer-4.1.84.Final.jar;C:\Users\user\.m2\repository\io\netty\netty-codec-http\4.1.84.Final\netty-codec-http-4.1.84.Final.jar;C:\Users\user\.m2\repository\io\netty\netty-codec\4.1.84.Final\netty-codec-4.1.84.Final.jar;C:\Users\user\.m2\repository\io\netty\netty-handler\4.1.84.Final\netty-handler-4.1.84.Final.jar;C:\Users\user\.m2\repository\io\netty\netty-common\4.1.84.Final\netty-common-4.1.84.Final.jar;C:\Users\user\.m2\repository\io\netty\netty-transport-classes-epoll\4.1.84.Final\netty-transport-classes-epoll-4.1.84.Final.jar;C:\Users\user\.m2\repository\io\netty\netty-transport-classes-kqueue\4.1.84.Final\netty-transport-classes-kqueue-4.1.84.Final.jar;C:\Users\user\.m2\repository\io\netty\netty-transport-native-epoll\4.1.84.Final\netty-transport-native-epoll-4.1.84.Final.jar;C:\Users\user\.m2\repository\io\netty\netty-transport-native-kqueue\4.1.84.Final\netty-transport-native-kqueue-4.1.84.Final.jar;C:\Users\user\.m2\repository\io\netty\netty-transport-native-unix-common\4.1.84.Final\netty-transport-native-unix-common-4.1.84.Final.jar;C:\Users\user\.m2\repository\io\netty\netty-transport\4.1.84.Final\netty-transport-4.1.84.Final.jar;C:\Users\user\.m2\repository\io\netty\netty-resolver\4.1.84.Final\netty-resolver-4.1.84.Final.jar;C:\Users\user\.m2\repository\io\opentelemetry\opentelemetry-api\1.19.0\opentelemetry-api-1.19.0.jar;C:\Users\user\.m2\repository\io\opentelemetry\opentelemetry-context\1.19.0\opentelemetry-context-1.19.0.jar;C:\Users\user\.m2\repository\io\opentelemetry\opentelemetry-exporter-logging\1.19.0\opentelemetry-exporter-logging-1.19.0.jar;C:\Users\user\.m2\repository\io\opentelemetry\opentelemetry-sdk-metrics\1.19.0\opentelemetry-sdk-metrics-1.19.0.jar;C:\Users\user\.m2\repository\io\opentelemetry\opentelemetry-sdk-logs\1.19.0-alpha\opentelemetry-sdk-logs-1.19.0-alpha.jar;C:\Users\user\.m2\repository\io\opentelemetry\opentelemetry-api-logs\1.19.0-alpha\opentelemetry-api-logs-1.19.0-alpha.jar;C:\Users\user\.m2\repository\io\opentelemetry\opentelemetry-sdk-common\1.19.0\opentelemetry-sdk-common-1.19.0.jar;C:\Users\user\.m2\repository\io\opentelemetry\opentelemetry-sdk-extension-autoconfigure-spi\1.19.0\opentelemetry-sdk-extension-autoconfigure-spi-1.19.0.jar;C:\Users\user\.m2\repository\io\opentelemetry\opentelemetry-sdk-extension-autoconfigure\1.19.0-alpha\opentelemetry-sdk-extension-autoconfigure-1.19.0-alpha.jar;C:\Users\user\.m2\repository\io\opentelemetry\opentelemetry-exporter-common\1.19.0\opentelemetry-exporter-common-1.19.0.jar;C:\Users\user\.m2\repository\io\opentelemetry\opentelemetry-sdk-trace\1.19.0\opentelemetry-sdk-trace-1.19.0.jar;C:\Users\user\.m2\repository\io\opentelemetry\opentelemetry-sdk\1.19.0\opentelemetry-sdk-1.19.0.jar;C:\Users\user\.m2\repository\io\opentelemetry\opentelemetry-semconv\1.19.0-alpha\opentelemetry-semconv-1.19.0-alpha.jar;C:\Users\user\.m2\repository\io\ous\jtoml\2.0.0\jtoml-2.0.0.jar;C:\Users\user\.m2\repository\org\apache\commons\commons-exec\1.3\commons-exec-1.3.jar;C:\Users\user\.m2\repository\org\asynchttpclient\async-http-client\2.12.3\async-http-client-2.12.3.jar;C:\Users\user\.m2\repository\org\asynchttpclient\async-http-client-netty-utils\2.12.3\async-http-client-netty-utils-2.12.3.jar;C:\Users\user\.m2\repository\io\netty\netty-codec-socks\4.1.60.Final\netty-codec-socks-4.1.60.Final.jar;C:\Users\user\.m2\repository\io\netty\netty-handler-proxy\4.1.60.Final\netty-handler-proxy-4.1.60.Final.jar;C:\Users\user\.m2\repository\io\netty\netty-transport-native-epoll\4.1.60.Final\netty-transport-native-epoll-4.1.60.Final-linux-x86_64.jar;C:\Users\user\.m2\repository\io\netty\netty-transport-native-kqueue\4.1.60.Final\netty-transport-native-kqueue-4.1.60.Final-osx-x86_64.jar;C:\Users\user\.m2\repository\com\typesafe\netty\netty-reactive-streams\2.0.4\netty-reactive-streams-2.0.4.jar;C:\Users\user\.m2\repository\com\sun\activation\jakarta.activation\1.2.2\jakarta.activation-1.2.2.jar;C:\Users\user\.m2\repository\org\seleniumhq\selenium\selenium-http\4.7.0\selenium-http-4.7.0.jar;C:\Users\user\.m2\repository\dev\failsafe\failsafe\3.3.0\failsafe-3.3.0.jar;C:\Users\user\.m2\repository\org\seleniumhq\selenium\selenium-manager\4.7.0\selenium-manager-4.7.0.jar;C:\Users\user\.m2\repository\org\seleniumhq\selenium\selenium-api\4.7.0\selenium-api-4.7.0.jar;C:\Users\user\.m2\repository\org\seleniumhq\selenium\selenium-java\4.11.0\selenium-java-4.11.0.jar;C:\Users\user\.m2\repository\org\seleniumhq\selenium\selenium-chrome-driver\4.11.0\selenium-chrome-driver-4.11.0.jar;C:\Users\user\.m2\repository\org\seleniumhq\selenium\selenium-chromium-driver\4.11.0\selenium-chromium-driver-4.11.0.jar;C:\Users\user\.m2\repository\org\seleniumhq\selenium\selenium-devtools-v113\4.11.0\selenium-devtools-v113-4.11.0.jar;C:\Users\user\.m2\repository\org\seleniumhq\selenium\selenium-devtools-v114\4.11.0\selenium-devtools-v114-4.11.0.jar;C:\Users\user\.m2\repository\org\seleniumhq\selenium\selenium-devtools-v115\4.11.0\selenium-devtools-v115-4.11.0.jar;C:\Users\user\.m2\repository\org\seleniumhq\selenium\selenium-devtools-v85\4.11.0\selenium-devtools-v85-4.11.0.jar;C:\Users\user\.m2\repository\org\seleniumhq\selenium\selenium-edge-driver\4.11.0\selenium-edge-driver-4.11.0.jar;C:\Users\user\.m2\repository\org\seleniumhq\selenium\selenium-firefox-driver\4.11.0\selenium-firefox-driver-4.11.0.jar;C:\Users\user\.m2\repository\org\seleniumhq\selenium\selenium-ie-driver\4.11.0\selenium-ie-driver-4.11.0.jar;C:\Users\user\.m2\repository\org\seleniumhq\selenium\selenium-safari-driver\4.11.0\selenium-safari-driver-4.11.0.jar;"/>
    <property name="java.vm.vendor" value="Oracle Corporation"/>
    <property name="sun.arch.data.model" value="64"/>
    <property name="user.variant" value=""/>
    <property name="java.vendor.url" value="https://openjdk.java.net/"/>
    <property name="user.timezone" value="America/Bogota"/>
    <property name="java.vm.specification.version" value="11"/>
    <property name="os.name" value="Windows 10"/>
    <property name="sun.java.launcher" value="SUN_STANDARD"/>
    <property name="user.country" value="CO"/>
    <property name="sun.boot.library.path" value="C:\Program Files\Java\jdk-11.0.16.1\bin"/>
    <property name="sun.java.command" value="C:\Users\user\AppData\Local\Temp\surefire1927782578965691865\surefirebooter-20240327005255659_3.jar C:\Users\user\AppData\Local\Temp\surefire1927782578965691865 2024-03-27T00-52-55_136-jvmRun1 surefire-20240327005255659_1tmp surefire_0-20240327005255659_2tmp"/>
    <property name="jdk.debug" value="release"/>
    <property name="surefire.test.class.path" value="C:\Users\user\eclipse-workspace\appiumFrameworkPage\target\test-classes;C:\Users\user\eclipse-workspace\appiumFrameworkPage\target\classes;C:\Users\user\.m2\repository\io\appium\java-client\8.3.0\java-client-8.3.0.jar;C:\Users\user\.m2\repository\com\google\code\gson\gson\2.10\gson-2.10.jar;C:\Users\user\.m2\repository\cglib\cglib\3.3.0\cglib-3.3.0.jar;C:\Users\user\.m2\repository\org\ow2\asm\asm\7.1\asm-7.1.jar;C:\Users\user\.m2\repository\commons-validator\commons-validator\1.7\commons-validator-1.7.jar;C:\Users\user\.m2\repository\commons-beanutils\commons-beanutils\1.9.4\commons-beanutils-1.9.4.jar;C:\Users\user\.m2\repository\commons-digester\commons-digester\2.1\commons-digester-2.1.jar;C:\Users\user\.m2\repository\commons-logging\commons-logging\1.2\commons-logging-1.2.jar;C:\Users\user\.m2\repository\commons-collections\commons-collections\3.2.2\commons-collections-3.2.2.jar;C:\Users\user\.m2\repository\org\apache\commons\commons-lang3\3.12.0\commons-lang3-3.12.0.jar;C:\Users\user\.m2\repository\org\slf4j\slf4j-api\2.0.5\slf4j-api-2.0.5.jar;C:\Users\user\.m2\repository\org\testng\testng\7.7.1\testng-7.7.1.jar;C:\Users\user\.m2\repository\com\beust\jcommander\1.82\jcommander-1.82.jar;C:\Users\user\.m2\repository\org\webjars\jquery\3.6.1\jquery-3.6.1.jar;C:\Users\user\.m2\repository\com\aventstack\extentreports\5.1.1\extentreports-5.1.1.jar;C:\Users\user\.m2\repository\io\reactivex\rxjava3\rxjava\3.1.6\rxjava-3.1.6.jar;C:\Users\user\.m2\repository\org\reactivestreams\reactive-streams\1.0.4\reactive-streams-1.0.4.jar;C:\Users\user\.m2\repository\org\freemarker\freemarker\2.3.32\freemarker-2.3.32.jar;C:\Users\user\.m2\repository\org\projectlombok\lombok\1.18.26\lombok-1.18.26.jar;C:\Users\user\.m2\repository\com\fasterxml\jackson\core\jackson-databind\2.17.0\jackson-databind-2.17.0.jar;C:\Users\user\.m2\repository\com\fasterxml\jackson\core\jackson-annotations\2.17.0\jackson-annotations-2.17.0.jar;C:\Users\user\.m2\repository\com\fasterxml\jackson\core\jackson-core\2.17.0\jackson-core-2.17.0.jar;C:\Users\user\.m2\repository\net\bytebuddy\byte-buddy\1.14.9\byte-buddy-1.14.9.jar;C:\Users\user\.m2\repository\commons-io\commons-io\2.15.1\commons-io-2.15.1.jar;C:\Users\user\.m2\repository\org\seleniumhq\selenium\selenium-support\4.7.0\selenium-support-4.7.0.jar;C:\Users\user\.m2\repository\com\google\auto\service\auto-service-annotations\1.0.1\auto-service-annotations-1.0.1.jar;C:\Users\user\.m2\repository\com\google\auto\service\auto-service\1.0.1\auto-service-1.0.1.jar;C:\Users\user\.m2\repository\com\google\auto\auto-common\1.2\auto-common-1.2.jar;C:\Users\user\.m2\repository\com\google\guava\guava\31.1-jre\guava-31.1-jre.jar;C:\Users\user\.m2\repository\com\google\guava\failureaccess\1.0.1\failureaccess-1.0.1.jar;C:\Users\user\.m2\repository\com\google\guava\listenablefuture\9999.0-empty-to-avoid-conflict-with-guava\listenablefuture-9999.0-empty-to-avoid-conflict-with-guava.jar;C:\Users\user\.m2\repository\com\google\code\findbugs\jsr305\3.0.2\jsr305-3.0.2.jar;C:\Users\user\.m2\repository\org\checkerframework\checker-qual\3.12.0\checker-qual-3.12.0.jar;C:\Users\user\.m2\repository\com\google\errorprone\error_prone_annotations\2.11.0\error_prone_annotations-2.11.0.jar;C:\Users\user\.m2\repository\com\google\j2objc\j2objc-annotations\1.3\j2objc-annotations-1.3.jar;C:\Users\user\.m2\repository\org\seleniumhq\selenium\selenium-json\4.7.0\selenium-json-4.7.0.jar;C:\Users\user\.m2\repository\org\seleniumhq\selenium\selenium-remote-driver\4.7.0\selenium-remote-driver-4.7.0.jar;C:\Users\user\.m2\repository\io\netty\netty-buffer\4.1.84.Final\netty-buffer-4.1.84.Final.jar;C:\Users\user\.m2\repository\io\netty\netty-codec-http\4.1.84.Final\netty-codec-http-4.1.84.Final.jar;C:\Users\user\.m2\repository\io\netty\netty-codec\4.1.84.Final\netty-codec-4.1.84.Final.jar;C:\Users\user\.m2\repository\io\netty\netty-handler\4.1.84.Final\netty-handler-4.1.84.Final.jar;C:\Users\user\.m2\repository\io\netty\netty-common\4.1.84.Final\netty-common-4.1.84.Final.jar;C:\Users\user\.m2\repository\io\netty\netty-transport-classes-epoll\4.1.84.Final\netty-transport-classes-epoll-4.1.84.Final.jar;C:\Users\user\.m2\repository\io\netty\netty-transport-classes-kqueue\4.1.84.Final\netty-transport-classes-kqueue-4.1.84.Final.jar;C:\Users\user\.m2\repository\io\netty\netty-transport-native-epoll\4.1.84.Final\netty-transport-native-epoll-4.1.84.Final.jar;C:\Users\user\.m2\repository\io\netty\netty-transport-native-kqueue\4.1.84.Final\netty-transport-native-kqueue-4.1.84.Final.jar;C:\Users\user\.m2\repository\io\netty\netty-transport-native-unix-common\4.1.84.Final\netty-transport-native-unix-common-4.1.84.Final.jar;C:\Users\user\.m2\repository\io\netty\netty-transport\4.1.84.Final\netty-transport-4.1.84.Final.jar;C:\Users\user\.m2\repository\io\netty\netty-resolver\4.1.84.Final\netty-resolver-4.1.84.Final.jar;C:\Users\user\.m2\repository\io\opentelemetry\opentelemetry-api\1.19.0\opentelemetry-api-1.19.0.jar;C:\Users\user\.m2\repository\io\opentelemetry\opentelemetry-context\1.19.0\opentelemetry-context-1.19.0.jar;C:\Users\user\.m2\repository\io\opentelemetry\opentelemetry-exporter-logging\1.19.0\opentelemetry-exporter-logging-1.19.0.jar;C:\Users\user\.m2\repository\io\opentelemetry\opentelemetry-sdk-metrics\1.19.0\opentelemetry-sdk-metrics-1.19.0.jar;C:\Users\user\.m2\repository\io\opentelemetry\opentelemetry-sdk-logs\1.19.0-alpha\opentelemetry-sdk-logs-1.19.0-alpha.jar;C:\Users\user\.m2\repository\io\opentelemetry\opentelemetry-api-logs\1.19.0-alpha\opentelemetry-api-logs-1.19.0-alpha.jar;C:\Users\user\.m2\repository\io\opentelemetry\opentelemetry-sdk-common\1.19.0\opentelemetry-sdk-common-1.19.0.jar;C:\Users\user\.m2\repository\io\opentelemetry\opentelemetry-sdk-extension-autoconfigure-spi\1.19.0\opentelemetry-sdk-extension-autoconfigure-spi-1.19.0.jar;C:\Users\user\.m2\repository\io\opentelemetry\opentelemetry-sdk-extension-autoconfigure\1.19.0-alpha\opentelemetry-sdk-extension-autoconfigure-1.19.0-alpha.jar;C:\Users\user\.m2\repository\io\opentelemetry\opentelemetry-exporter-common\1.19.0\opentelemetry-exporter-common-1.19.0.jar;C:\Users\user\.m2\repository\io\opentelemetry\opentelemetry-sdk-trace\1.19.0\opentelemetry-sdk-trace-1.19.0.jar;C:\Users\user\.m2\repository\io\opentelemetry\opentelemetry-sdk\1.19.0\opentelemetry-sdk-1.19.0.jar;C:\Users\user\.m2\repository\io\opentelemetry\opentelemetry-semconv\1.19.0-alpha\opentelemetry-semconv-1.19.0-alpha.jar;C:\Users\user\.m2\repository\io\ous\jtoml\2.0.0\jtoml-2.0.0.jar;C:\Users\user\.m2\repository\org\apache\commons\commons-exec\1.3\commons-exec-1.3.jar;C:\Users\user\.m2\repository\org\asynchttpclient\async-http-client\2.12.3\async-http-client-2.12.3.jar;C:\Users\user\.m2\repository\org\asynchttpclient\async-http-client-netty-utils\2.12.3\async-http-client-netty-utils-2.12.3.jar;C:\Users\user\.m2\repository\io\netty\netty-codec-socks\4.1.60.Final\netty-codec-socks-4.1.60.Final.jar;C:\Users\user\.m2\repository\io\netty\netty-handler-proxy\4.1.60.Final\netty-handler-proxy-4.1.60.Final.jar;C:\Users\user\.m2\repository\io\netty\netty-transport-native-epoll\4.1.60.Final\netty-transport-native-epoll-4.1.60.Final-linux-x86_64.jar;C:\Users\user\.m2\repository\io\netty\netty-transport-native-kqueue\4.1.60.Final\netty-transport-native-kqueue-4.1.60.Final-osx-x86_64.jar;C:\Users\user\.m2\repository\com\typesafe\netty\netty-reactive-streams\2.0.4\netty-reactive-streams-2.0.4.jar;C:\Users\user\.m2\repository\com\sun\activation\jakarta.activation\1.2.2\jakarta.activation-1.2.2.jar;C:\Users\user\.m2\repository\org\seleniumhq\selenium\selenium-http\4.7.0\selenium-http-4.7.0.jar;C:\Users\user\.m2\repository\dev\failsafe\failsafe\3.3.0\failsafe-3.3.0.jar;C:\Users\user\.m2\repository\org\seleniumhq\selenium\selenium-manager\4.7.0\selenium-manager-4.7.0.jar;C:\Users\user\.m2\repository\org\seleniumhq\selenium\selenium-api\4.7.0\selenium-api-4.7.0.jar;C:\Users\user\.m2\repository\org\seleniumhq\selenium\selenium-java\4.11.0\selenium-java-4.11.0.jar;C:\Users\user\.m2\repository\org\seleniumhq\selenium\selenium-chrome-driver\4.11.0\selenium-chrome-driver-4.11.0.jar;C:\Users\user\.m2\repository\org\seleniumhq\selenium\selenium-chromium-driver\4.11.0\selenium-chromium-driver-4.11.0.jar;C:\Users\user\.m2\repository\org\seleniumhq\selenium\selenium-devtools-v113\4.11.0\selenium-devtools-v113-4.11.0.jar;C:\Users\user\.m2\repository\org\seleniumhq\selenium\selenium-devtools-v114\4.11.0\selenium-devtools-v114-4.11.0.jar;C:\Users\user\.m2\repository\org\seleniumhq\selenium\selenium-devtools-v115\4.11.0\selenium-devtools-v115-4.11.0.jar;C:\Users\user\.m2\repository\org\seleniumhq\selenium\selenium-devtools-v85\4.11.0\selenium-devtools-v85-4.11.0.jar;C:\Users\user\.m2\repository\org\seleniumhq\selenium\selenium-edge-driver\4.11.0\selenium-edge-driver-4.11.0.jar;C:\Users\user\.m2\repository\org\seleniumhq\selenium\selenium-firefox-driver\4.11.0\selenium-firefox-driver-4.11.0.jar;C:\Users\user\.m2\repository\org\seleniumhq\selenium\selenium-ie-driver\4.11.0\selenium-ie-driver-4.11.0.jar;C:\Users\user\.m2\repository\org\seleniumhq\selenium\selenium-safari-driver\4.11.0\selenium-safari-driver-4.11.0.jar;"/>
    <property name="sun.cpu.endian" value="little"/>
    <property name="user.home" value="C:\Users\user"/>
    <property name="user.language" value="es"/>
    <property name="ipAddress" value="127.0.0.1"/>
    <property name="java.specification.vendor" value="Oracle Corporation"/>
    <property name="java.version.date" value="2022-08-18"/>
    <property name="java.home" value="C:\Program Files\Java\jdk-11.0.16.1"/>
    <property name="file.separator" value="\"/>
    <property name="basedir" value="C:\Users\user\eclipse-workspace\appiumFrameworkPage"/>
    <property name="java.vm.compressedOopsMode" value="Zero based"/>
    <property name="line.separator" value="&#10;"/>
    <property name="java.specification.name" value="Java Platform API Specification"/>
    <property name="java.vm.specification.vendor" value="Oracle Corporation"/>
    <property name="java.awt.graphicsenv" value="sun.awt.Win32GraphicsEnvironment"/>
    <property name="surefire.real.class.path" value="C:\Users\user\AppData\Local\Temp\surefire1927782578965691865\surefirebooter-20240327005255659_3.jar"/>
    <property name="user.script" value=""/>
    <property name="sun.management.compiler" value="HotSpot 64-Bit Tiered Compilers"/>
    <property name="java.runtime.version" value="11.0.16.1+1-LTS-1"/>
    <property name="user.name" value="user"/>
    <property name="path.separator" value=";"/>
    <property name="os.version" value="10.0"/>
    <property name="java.runtime.name" value="Java(TM) SE Runtime Environment"/>
    <property name="file.encoding" value="Cp1252"/>
    <property name="java.vm.name" value="Java HotSpot(TM) 64-Bit Server VM"/>
    <property name="java.vendor.version" value="18.9"/>
    <property name="localRepository" value="C:\Users\user\.m2\repository"/>
    <property name="java.vendor.url.bug" value="https://bugreport.java.com/bugreport/"/>
    <property name="java.io.tmpdir" value="C:\Users\user\AppData\Local\Temp\"/>
    <property name="java.version" value="11.0.16.1"/>
    <property name="user.dir" value="C:\Users\user\eclipse-workspace\appiumFrameworkPage"/>
    <property name="os.arch" value="amd64"/>
    <property name="java.vm.specification.name" value="Java Virtual Machine Specification"/>
    <property name="java.awt.printerjob" value="sun.awt.windows.WPrinterJob"/>
    <property name="sun.os.patch.level" value=""/>
    <property name="java.library.path" value="C:\Program Files\Java\jdk-11.0.16.1\bin;C:\Windows\Sun\Java\bin;C:\Windows\system32;C:\Windows;C:\Program Files\nodejs;C:\Program Files\Common Files\Oracle\Java\javapath;C:\Python310\Scripts\;C:\Python310\;C:\Windows\system32;C:\Windows;C:\Windows\System32\Wbem;C:\Windows\System32\WindowsPowerShell\v1.0\;C:\Windows\System32\OpenSSH\;C:\Program Files\Intel\WiFi\bin\;C:\Program Files\Common Files\Intel\WirelessCommon\;C:\Program Files (x86)\Bitvise SSH Client;C:\Program Files\Git\cmd;C:\ProgramData\chocolatey\bin;C:\Program Files\OpenJDK\openjdk-8u342-b07\bin;C:\Users\user\AppData\Local\Android\Sdk\platform-tools;C:\Users\user\AppData\Local\Android\Sdk\tools;C:\Users\user\AppData\Local\Android\Sdk\tools\bin;C:\Gradle\gradle-7.5.1-bin\gradle-7.5.1\bin;C:\Users\user\AppData\Local\Microsoft\WindowsApps;C:\Users\user\AppData\Local\Programs\Microsoft VS Code\bin;C:\Users\user\AppData\Roaming\npm;C:\Program Files\Maven\apache-maven-3.9.6-bin\apache-maven-3.9.6\bin;."/>
    <property name="java.vendor" value="Oracle Corporation"/>
    <property name="java.vm.info" value="mixed mode"/>
    <property name="java.vm.version" value="11.0.16.1+1-LTS-1"/>
    <property name="sun.io.unicode.encoding" value="UnicodeLittle"/>
    <property name="java.class.version" value="55.0"/>
  </properties>
  <testcase name="FillForm_ErrorValidation" classname="testsPageObject.fillForm" time="6.657">
    <system-out><![CDATA[127.0.0.1
&amp#27;[35m[Appium]&amp#27;[39m Welcome to Appium v2.0.0-beta.56 (REV HEAD)
&amp#27;[35m[Appium]&amp#27;[39m Non-default server args:
&amp#27;[35m[Appium]&amp#27;[39m { address: &amp#27;[32m'127.0.0.1'&amp#27;[39m }
&amp#27;[35m[Appium]&amp#27;[39m Attempting to load driver uiautomator2...
[debug] &amp#27;[35m[Appium]&amp#27;[39m Requiring driver at C:\Users\user\.appium\node_modules\appium-uiautomator2-driver
&amp#27;[35m[Appium]&amp#27;[39m Appium REST http interface listener started on 127.0.0.1:4723
&amp#27;[35m[Appium]&amp#27;[39m Available drivers:
&amp#27;[35m[Appium]&amp#27;[39m   - uiautomator2@2.12.6 (automationName 'UiAutomator2')
&amp#27;[35m[Appium]&amp#27;[39m No plugins have been installed. Use the "appium plugin" command to install the one(s) you want to use.
&amp#27;[38;5;0m[HTTP]&amp#27;[0m &amp#27;[37m-->&amp#27;[39m &amp#27;[37mGET&amp#27;[39m &amp#27;[37m/status&amp#27;[39m
&amp#27;[38;5;0m[HTTP]&amp#27;[0m &amp#27;[90m{}&amp#27;[39m
[debug] &amp#27;[38;5;16m[AppiumDriver@c082]&amp#27;[0m Calling AppiumDriver.getStatus() with args: []
[debug] &amp#27;[38;5;16m[AppiumDriver@c082]&amp#27;[0m Responding to client with driver.getStatus() result: {"build":{"version":"2.0.0-beta.56","git-sha":"HEAD"}}
&amp#27;[38;5;0m[HTTP]&amp#27;[0m &amp#27;[37m<-- GET /status &amp#27;[39m&amp#27;[32m200&amp#27;[39m &amp#27;[90m9 ms - 64&amp#27;[39m
&amp#27;[38;5;0m[HTTP]&amp#27;[0m &amp#27;[90m&amp#27;[39m
[debug] &amp#27;[38;5;0m[HTTP]&amp#27;[0m Request idempotency key: 09e60920-5c62-45c7-8eb4-64359f9facab
&amp#27;[38;5;0m[HTTP]&amp#27;[0m &amp#27;[37m-->&amp#27;[39m &amp#27;[37mPOST&amp#27;[39m &amp#27;[37m/session&amp#27;[39m
&amp#27;[38;5;0m[HTTP]&amp#27;[0m &amp#27;[90m{"capabilities":{"firstMatch":[{}],"alwaysMatch":{"appium:app":"C:\\Users\\user\\eclipse-workspace\\appiumFrameworkPage//src//test//java//resources//General-Store.apk","appium:automationName":"UIAutomator2","appium:chromedriverExecutable":"C://Users//user//Desktop//Proyectos_App//driver//chromedriver_122//chromedriver.exe","platformName":"android"}}}&amp#27;[39m
[debug] &amp#27;[38;5;16m[AppiumDriver@c082]&amp#27;[0m Calling AppiumDriver.createSession() with args: [null,null,{"firstMatch":[{}],"alwaysMatch":{"appium:app":"C:\\Users\\user\\eclipse-workspace\\appiumFrameworkPage//src//test//java//resources//General-Store.apk","appium:automationName":"UIAutomator2","appium:chromedriverExecutable":"C://Users//user//Desktop//Proyectos_App//driver//chromedriver_122//chromedriver.exe","platformName":"android"}}]
[debug] &amp#27;[38;5;16m[AppiumDriver@c082]&amp#27;[0m Event 'newSessionRequested' logged at 1711518789517 (00:53:09 GMT-0500 (hora estÃ¡ndar de Colombia))
&amp#27;[35m[Appium]&amp#27;[39m Attempting to find matching driver for automationName 'UIAutomator2' and platformName 'android'
&amp#27;[35m[Appium]&amp#27;[39m The 'uiautomator2' driver was installed and matched caps.
&amp#27;[35m[Appium]&amp#27;[39m Will require it at C:\Users\user\.appium\node_modules\appium-uiautomator2-driver
[debug] &amp#27;[35m[Appium]&amp#27;[39m Requiring driver at C:\Users\user\.appium\node_modules\appium-uiautomator2-driver
&amp#27;[38;5;16m[AppiumDriver@c082]&amp#27;[0m Appium v2.0.0-beta.56 creating new AndroidUiautomator2Driver (v2.12.6) session
&amp#27;[38;5;16m[AppiumDriver@c082]&amp#27;[0m Checking BaseDriver versions for Appium and AndroidUiautomator2Driver
&amp#27;[38;5;16m[AppiumDriver@c082]&amp#27;[0m Appium's BaseDriver version is 9.3.2
&amp#27;[38;5;16m[AppiumDriver@c082]&amp#27;[0m AndroidUiautomator2Driver's BaseDriver version is 9.3.2
[debug] &amp#27;[38;5;32m[AndroidUiautomator2Driver@5b9e]&amp#27;[0m Creating session with W3C capabilities: {
[debug] &amp#27;[38;5;32m[AndroidUiautomator2Driver@5b9e]&amp#27;[0m   "alwaysMatch": {
[debug] &amp#27;[38;5;32m[AndroidUiautomator2Driver@5b9e]&amp#27;[0m     "platformName": "android",
[debug] &amp#27;[38;5;32m[AndroidUiautomator2Driver@5b9e]&amp#27;[0m     "appium:app": "C:\\Users\\user\\eclipse-workspace\\appiumFrameworkPage//src//test//java//resources//General-Store.apk",
[debug] &amp#27;[38;5;32m[AndroidUiautomator2Driver@5b9e]&amp#27;[0m     "appium:automationName": "UIAutomator2",
[debug] &amp#27;[38;5;32m[AndroidUiautomator2Driver@5b9e]&amp#27;[0m     "appium:chromedriverExecutable": "C://Users//user//Desktop//Proyectos_App//driver//chromedriver_122//chromedriver.exe"
[debug] &amp#27;[38;5;32m[AndroidUiautomator2Driver@5b9e]&amp#27;[0m   },
[debug] &amp#27;[38;5;32m[AndroidUiautomator2Driver@5b9e]&amp#27;[0m   "firstMatch": [
[debug] &amp#27;[38;5;32m[AndroidUiautomator2Driver@5b9e]&amp#27;[0m     {}
[debug] &amp#27;[38;5;32m[AndroidUiautomator2Driver@5b9e]&amp#27;[0m   ]
[debug] &amp#27;[38;5;32m[AndroidUiautomator2Driver@5b9e]&amp#27;[0m }
&amp#27;[38;5;32m[AndroidUiautomator2Driver@5b9e (b1089d61)]&amp#27;[0m Session created with session id: b1089d61-05b8-4327-aea7-19aa2a019e79
&amp#27;[38;5;48m[BaseDriver]&amp#27;[0m Using local app 'C:\Users\user\eclipse-workspace\appiumFrameworkPage//src//test//java//resources//General-Store.apk'
[debug] &amp#27;[38;5;32m[AndroidUiautomator2Driver@5b9e (b1089d61)]&amp#27;[0m Checking whether app is actually present
&amp#27;[38;5;64m[ADB]&amp#27;[0m Found 4 'build-tools' folders under 'C:\Users\user\AppData\Local\Android\Sdk' (newest first):
&amp#27;[38;5;64m[ADB]&amp#27;[0m     C:/Users/user/AppData/Local/Android/Sdk/build-tools/33.0.0
&amp#27;[38;5;64m[ADB]&amp#27;[0m     C:/Users/user/AppData/Local/Android/Sdk/build-tools/31.0.0
&amp#27;[38;5;64m[ADB]&amp#27;[0m     C:/Users/user/AppData/Local/Android/Sdk/build-tools/30.0.3
&amp#27;[38;5;64m[ADB]&amp#27;[0m     C:/Users/user/AppData/Local/Android/Sdk/build-tools/28.0.3
&amp#27;[38;5;64m[ADB]&amp#27;[0m Using 'adb.exe' from 'C:\Users\user\AppData\Local\Android\Sdk\platform-tools\adb.exe'
[debug] &amp#27;[38;5;64m[ADB]&amp#27;[0m Running 'C:\Users\user\AppData\Local\Android\Sdk\platform-tools\adb.exe -P 5037 start-server'
&amp#27;[38;5;80m[AndroidDriver]&amp#27;[0m Retrieving device list
[debug] &amp#27;[38;5;64m[ADB]&amp#27;[0m Trying to find a connected android device
[debug] &amp#27;[38;5;64m[ADB]&amp#27;[0m Getting connected devices
[debug] &amp#27;[38;5;64m[ADB]&amp#27;[0m Connected devices: [{"udid":"R58T40NK2WX","state":"device"}]
&amp#27;[38;5;80m[AndroidDriver]&amp#27;[0m Using device: R58T40NK2WX
&amp#27;[38;5;64m[ADB]&amp#27;[0m Using 'adb.exe' from 'C:\Users\user\AppData\Local\Android\Sdk\platform-tools\adb.exe'
[debug] &amp#27;[38;5;64m[ADB]&amp#27;[0m Running 'C:\Users\user\AppData\Local\Android\Sdk\platform-tools\adb.exe -P 5037 start-server'
[debug] &amp#27;[38;5;64m[ADB]&amp#27;[0m Setting device id to R58T40NK2WX
[debug] &amp#27;[38;5;64m[ADB]&amp#27;[0m Running 'C:\Users\user\AppData\Local\Android\Sdk\platform-tools\adb.exe -P 5037 -s R58T40NK2WX shell getprop ro.build.version.sdk'
[debug] &amp#27;[38;5;64m[ADB]&amp#27;[0m Current device property 'ro.build.version.sdk': 33
&amp#27;[38;5;64m[ADB]&amp#27;[0m Getting device platform version
[debug] &amp#27;[38;5;64m[ADB]&amp#27;[0m Running 'C:\Users\user\AppData\Local\Android\Sdk\platform-tools\adb.exe -P 5037 -s R58T40NK2WX shell getprop ro.build.version.release'
[debug] &amp#27;[38;5;64m[ADB]&amp#27;[0m Current device property 'ro.build.version.release': 13
[debug] &amp#27;[38;5;64m[ADB]&amp#27;[0m Device API level: 33
&amp#27;[38;5;32m[AndroidUiautomator2Driver@5b9e (b1089d61)]&amp#27;[0m Relaxing hidden api policy
[debug] &amp#27;[38;5;64m[ADB]&amp#27;[0m Running 'C:\Users\user\AppData\Local\Android\Sdk\platform-tools\adb.exe -P 5037 -s R58T40NK2WX shell 'settings put global hidden_api_policy_pre_p_apps 1;settings put global hidden_api_policy_p_apps 1;settings put global hidden_api_policy 1''
[debug] &amp#27;[38;5;80m[AndroidDriver]&amp#27;[0m Parsing package and activity from app manifest
&amp#27;[38;5;64m[ADB]&amp#27;[0m Package name: 'com.androidsample.generalstore'
&amp#27;[38;5;64m[ADB]&amp#27;[0m Main activity name: 'com.androidsample.generalstore.SplashActivity'
[debug] &amp#27;[38;5;80m[AndroidDriver]&amp#27;[0m Parsed package and activity are: com.androidsample.generalstore/com.androidsample.generalstore.SplashActivity
[debug] &amp#27;[38;5;64m[ADB]&amp#27;[0m Running 'C:\Users\user\AppData\Local\Android\Sdk\platform-tools\adb.exe -P 5037 -s R58T40NK2WX wait-for-device'
[debug] &amp#27;[38;5;64m[ADB]&amp#27;[0m Running 'C:\Users\user\AppData\Local\Android\Sdk\platform-tools\adb.exe -P 5037 -s R58T40NK2WX shell echo ping'
[debug] &amp#27;[38;5;80m[AndroidDriver]&amp#27;[0m Pushing settings apk to device...
[debug] &amp#27;[38;5;64m[ADB]&amp#27;[0m Getting install status for io.appium.settings
[debug] &amp#27;[38;5;64m[ADB]&amp#27;[0m Running 'C:\Users\user\AppData\Local\Android\Sdk\platform-tools\adb.exe -P 5037 -s R58T40NK2WX shell dumpsys package io.appium.settings'
[debug] &amp#27;[38;5;64m[ADB]&amp#27;[0m 'io.appium.settings' is installed
[debug] &amp#27;[38;5;64m[ADB]&amp#27;[0m Getting package info for 'io.appium.settings'
[debug] &amp#27;[38;5;64m[ADB]&amp#27;[0m Running 'C:\Users\user\AppData\Local\Android\Sdk\platform-tools\adb.exe -P 5037 -s R58T40NK2WX shell dumpsys package io.appium.settings'
[debug] &amp#27;[38;5;64m[ADB]&amp#27;[0m The version name of the installed 'io.appium.settings' is greater or equal to the application version name ('5.0.3' >= '5.0.3')
[debug] &amp#27;[38;5;64m[ADB]&amp#27;[0m There is no need to install/upgrade 'C:\Users\user\.appium\node_modules\appium-uiautomator2-driver\node_modules\io.appium.settings\apks\settings_apk-debug.apk'
[debug] &amp#27;[38;5;64m[ADB]&amp#27;[0m Getting IDs of all 'io.appium.settings' processes
[debug] &amp#27;[38;5;64m[ADB]&amp#27;[0m Running 'C:\Users\user\AppData\Local\Android\Sdk\platform-tools\adb.exe -P 5037 -s R58T40NK2WX shell 'pgrep --help; echo $?''
[debug] &amp#27;[38;5;64m[ADB]&amp#27;[0m Running 'C:\Users\user\AppData\Local\Android\Sdk\platform-tools\adb.exe -P 5037 -s R58T40NK2WX shell pgrep -f \(\[\[:blank:\]\]\|\^\)io\.appium\.settings\(\[\[:blank:\]\]\|\$\)'
[debug] &amp#27;[38;5;80m[AndroidDriver]&amp#27;[0m io.appium.settings is already running. There is no need to reset its permissions.
[debug] &amp#27;[38;5;64m[ADB]&amp#27;[0m Running 'C:\Users\user\AppData\Local\Android\Sdk\platform-tools\adb.exe -P 5037 -s R58T40NK2WX shell appops set io.appium.settings android:mock_location allow'
[debug] &amp#27;[38;5;64m[ADB]&amp#27;[0m Running 'C:\Users\user\AppData\Local\Android\Sdk\platform-tools\adb.exe -P 5037 -s R58T40NK2WX shell "[ -e '/data/local/tmp/mock_apps.json' ] && echo __PASS__"'
[debug] &amp#27;[38;5;64m[ADB]&amp#27;[0m Running 'C:\Users\user\AppData\Local\Android\Sdk\platform-tools\adb.exe -P 5037 -s R58T40NK2WX shell cat /data/local/tmp/mock_apps.json'
[debug] &amp#27;[38;5;96m[Logcat]&amp#27;[0m Starting logs capture with command: C:\\Users\\user\\AppData\\Local\\Android\\Sdk\\platform-tools\\adb.exe -P 5037 -s R58T40NK2WX logcat -v threadtime
[debug] &amp#27;[38;5;32m[AndroidUiautomator2Driver@5b9e (b1089d61)]&amp#27;[0m Forwarding UiAutomator2 Server port 6790 to local port 8200
[debug] &amp#27;[38;5;64m[ADB]&amp#27;[0m Forwarding system: 8200 to device: 6790
[debug] &amp#27;[38;5;64m[ADB]&amp#27;[0m Running 'C:\Users\user\AppData\Local\Android\Sdk\platform-tools\adb.exe -P 5037 -s R58T40NK2WX forward tcp:8200 tcp:6790'
[debug] &amp#27;[38;5;64m[ADB]&amp#27;[0m Getting install status for io.appium.uiautomator2.server
[debug] &amp#27;[38;5;64m[ADB]&amp#27;[0m Running 'C:\Users\user\AppData\Local\Android\Sdk\platform-tools\adb.exe -P 5037 -s R58T40NK2WX shell dumpsys package io.appium.uiautomator2.server'
[debug] &amp#27;[38;5;64m[ADB]&amp#27;[0m 'io.appium.uiautomator2.server' is installed
[debug] &amp#27;[38;5;64m[ADB]&amp#27;[0m Getting package info for 'io.appium.uiautomator2.server'
[debug] &amp#27;[38;5;64m[ADB]&amp#27;[0m Running 'C:\Users\user\AppData\Local\Android\Sdk\platform-tools\adb.exe -P 5037 -s R58T40NK2WX shell dumpsys package io.appium.uiautomator2.server'
[debug] &amp#27;[38;5;64m[ADB]&amp#27;[0m The version name of the installed 'io.appium.uiautomator2.server' is greater or equal to the application version name ('5.7.8' >= '5.7.8')
[debug] &amp#27;[38;5;32m[AndroidUiautomator2Driver@5b9e (b1089d61)]&amp#27;[0m io.appium.uiautomator2.server installation state: sameVersionInstalled
[debug] &amp#27;[38;5;64m[ADB]&amp#27;[0m Checking app cert for C:\Users\user\.appium\node_modules\appium-uiautomator2-driver\node_modules\appium-uiautomator2-server\apks\appium-uiautomator2-server-v5.7.8.apk
&amp#27;[38;5;64m[ADB]&amp#27;[0m Using 'apksigner.jar' from 'C:\Users\user\AppData\Local\Android\Sdk\build-tools\33.0.0\lib\apksigner.jar'
[debug] &amp#27;[38;5;64m[ADB]&amp#27;[0m Starting apksigner: 'C:\\Program Files\\Java\\jdk-11.0.16.1\\bin\\java.exe' -Xmx1024M -Xss1m -jar C:\\Users\\user\\AppData\\Local\\Android\\Sdk\\build-tools\\33.0.0\\lib\\apksigner.jar verify --print-certs C:\\Users\\user\\.appium\\node_modules\\appium-uiautomator2-driver\\node_modules\\appium-uiautomator2-server\\apks\\appium-uiautomator2-server-v5.7.8.apk
[debug] &amp#27;[38;5;64m[ADB]&amp#27;[0m apksigner stdout: Signer #1 certificate DN: EMAILADDRESS=android@android.com, CN=Android, OU=Android, O=Android, L=Mountain View, ST=California, C=US
[debug] &amp#27;[38;5;64m[ADB]&amp#27;[0m Signer #1 certificate SHA-256 digest: a40da80a59d170caa950cf15c18c454d47a39b26989d8b640ecd745ba71bf5dc
[debug] &amp#27;[38;5;64m[ADB]&amp#27;[0m Signer #1 certificate SHA-1 digest: 61ed377e85d386a8dfee6b864bd85b0bfaa5af81
[debug] &amp#27;[38;5;64m[ADB]&amp#27;[0m Signer #1 certificate MD5 digest: e89b158e4bcf988ebd09eb83f5378e87
[debug] &amp#27;[38;5;64m[ADB]&amp#27;[0m 
[debug] &amp#27;[38;5;64m[ADB]&amp#27;[0m sha256 hash did match for 'appium-uiautomator2-server-v5.7.8.apk'
&amp#27;[38;5;64m[ADB]&amp#27;[0m 'C:\Users\user\.appium\node_modules\appium-uiautomator2-driver\node_modules\appium-uiautomator2-server\apks\appium-uiautomator2-server-v5.7.8.apk' is signed with the default certificate
[debug] &amp#27;[38;5;64m[ADB]&amp#27;[0m Getting install status for io.appium.uiautomator2.server.test
[debug] &amp#27;[38;5;64m[ADB]&amp#27;[0m Running 'C:\Users\user\AppData\Local\Android\Sdk\platform-tools\adb.exe -P 5037 -s R58T40NK2WX shell dumpsys package io.appium.uiautomator2.server.test'
[debug] &amp#27;[38;5;64m[ADB]&amp#27;[0m 'io.appium.uiautomator2.server.test' is installed
[debug] &amp#27;[38;5;64m[ADB]&amp#27;[0m Checking app cert for C:\Users\user\.appium\node_modules\appium-uiautomator2-driver\node_modules\appium-uiautomator2-server\apks\appium-uiautomator2-server-debug-androidTest.apk
[debug] &amp#27;[38;5;64m[ADB]&amp#27;[0m Starting apksigner: 'C:\\Program Files\\Java\\jdk-11.0.16.1\\bin\\java.exe' -Xmx1024M -Xss1m -jar C:\\Users\\user\\AppData\\Local\\Android\\Sdk\\build-tools\\33.0.0\\lib\\apksigner.jar verify --print-certs C:\\Users\\user\\.appium\\node_modules\\appium-uiautomator2-driver\\node_modules\\appium-uiautomator2-server\\apks\\appium-uiautomator2-server-debug-androidTest.apk
[debug] &amp#27;[38;5;64m[ADB]&amp#27;[0m apksigner stdout: Signer #1 certificate DN: EMAILADDRESS=android@android.com, CN=Android, OU=Android, O=Android, L=Mountain View, ST=California, C=US
[debug] &amp#27;[38;5;64m[ADB]&amp#27;[0m Signer #1 certificate SHA-256 digest: a40da80a59d170caa950cf15c18c454d47a39b26989d8b640ecd745ba71bf5dc
[debug] &amp#27;[38;5;64m[ADB]&amp#27;[0m Signer #1 certificate SHA-1 digest: 61ed377e85d386a8dfee6b864bd85b0bfaa5af81
[debug] &amp#27;[38;5;64m[ADB]&amp#27;[0m Signer #1 certificate MD5 digest: e89b158e4bcf988ebd09eb83f5378e87
[debug] &amp#27;[38;5;64m[ADB]&amp#27;[0m 
[debug] &amp#27;[38;5;64m[ADB]&amp#27;[0m sha256 hash did match for 'appium-uiautomator2-server-debug-androidTest.apk'
&amp#27;[38;5;64m[ADB]&amp#27;[0m 'C:\Users\user\.appium\node_modules\appium-uiautomator2-driver\node_modules\appium-uiautomator2-server\apks\appium-uiautomator2-server-debug-androidTest.apk' is signed with the default certificate
&amp#27;[38;5;32m[AndroidUiautomator2Driver@5b9e (b1089d61)]&amp#27;[0m Server packages are not going to be (re)installed
[debug] &amp#27;[38;5;32m[AndroidUiautomator2Driver@5b9e (b1089d61)]&amp#27;[0m Waiting up to 30000ms for services to be available
[debug] &amp#27;[38;5;64m[ADB]&amp#27;[0m Running 'C:\Users\user\AppData\Local\Android\Sdk\platform-tools\adb.exe -P 5037 -s R58T40NK2WX shell pm list instrumentation'
[debug] &amp#27;[38;5;32m[AndroidUiautomator2Driver@5b9e (b1089d61)]&amp#27;[0m Instrumentation target 'io.appium.uiautomator2.server.test/androidx.test.runner.AndroidJUnitRunner' is available
&amp#27;[38;5;64m[ADB]&amp#27;[0m Adding packages ["io.appium.settings","io.appium.uiautomator2.server","io.appium.uiautomator2.server.test"] to Doze whitelist
[debug] &amp#27;[38;5;64m[ADB]&amp#27;[0m Got the following command chunks to execute: [["dumpsys","deviceidle","whitelist","+io.appium.settings",";","dumpsys","deviceidle","whitelist","+io.appium.uiautomator2.server",";","dumpsys","deviceidle","whitelist","+io.appium.uiautomator2.server.test",";"]]
[debug] &amp#27;[38;5;64m[ADB]&amp#27;[0m Running 'C:\Users\user\AppData\Local\Android\Sdk\platform-tools\adb.exe -P 5037 -s R58T40NK2WX shell dumpsys deviceidle whitelist +io.appium.settings ; dumpsys deviceidle whitelist +io.appium.uiautomator2.server ; dumpsys deviceidle whitelist +io.appium.uiautomator2.server.test ;'
[debug] &amp#27;[38;5;64m[ADB]&amp#27;[0m Checking app cert for C:\Users\user\eclipse-workspace\appiumFrameworkPage//src//test//java//resources//General-Store.apk
[debug] &amp#27;[38;5;64m[ADB]&amp#27;[0m Starting apksigner: 'C:\\Program Files\\Java\\jdk-11.0.16.1\\bin\\java.exe' -Xmx1024M -Xss1m -jar C:\\Users\\user\\AppData\\Local\\Android\\Sdk\\build-tools\\33.0.0\\lib\\apksigner.jar verify --print-certs C:\\Users\\user\\eclipse-workspace\\appiumFrameworkPage//src//test//java//resources//General-Store.apk
[debug] &amp#27;[38;5;64m[ADB]&amp#27;[0m apksigner stdout: Signer #1 certificate DN: C=US, O=Android, CN=Android Debug
[debug] &amp#27;[38;5;64m[ADB]&amp#27;[0m Signer #1 certificate SHA-256 digest: f5f5931c019be6bff8a26255f76ae9ef8a8e631d2a702ec10e91110231549eef
[debug] &amp#27;[38;5;64m[ADB]&amp#27;[0m Signer #1 certificate SHA-1 digest: b250161db8b5d0a1bd39154c9fd749bdad79c1a3
[debug] &amp#27;[38;5;64m[ADB]&amp#27;[0m Signer #1 certificate MD5 digest: 7a5550323d84472ca25a0861c63e0a6c
[debug] &amp#27;[38;5;64m[ADB]&amp#27;[0m 
&amp#27;[38;5;64m[ADB]&amp#27;[0m 'C:\Users\user\eclipse-workspace\appiumFrameworkPage//src//test//java//resources//General-Store.apk' is signed with a non-default certificate
[debug] &amp#27;[38;5;64m[ADB]&amp#27;[0m Getting install status for com.androidsample.generalstore
[debug] &amp#27;[38;5;64m[ADB]&amp#27;[0m Running 'C:\Users\user\AppData\Local\Android\Sdk\platform-tools\adb.exe -P 5037 -s R58T40NK2WX shell dumpsys package com.androidsample.generalstore'
[debug] &amp#27;[38;5;64m[ADB]&amp#27;[0m 'com.androidsample.generalstore' is installed
[debug] &amp#27;[38;5;64m[ADB]&amp#27;[0m Getting package info for 'com.androidsample.generalstore'
[debug] &amp#27;[38;5;64m[ADB]&amp#27;[0m Running 'C:\Users\user\AppData\Local\Android\Sdk\platform-tools\adb.exe -P 5037 -s R58T40NK2WX shell dumpsys package com.androidsample.generalstore'
[debug] &amp#27;[38;5;64m[ADB]&amp#27;[0m The version name of the installed 'com.androidsample.generalstore' is greater or equal to the application version name ('1.0.0' >= '1.0.0')
[debug] &amp#27;[38;5;64m[ADB]&amp#27;[0m There is no need to install/upgrade 'C:\Users\user\eclipse-workspace\appiumFrameworkPage//src//test//java//resources//General-Store.apk'
&amp#27;[38;5;80m[AndroidDriver]&amp#27;[0m Performing fast reset on 'com.androidsample.generalstore'
[debug] &amp#27;[38;5;64m[ADB]&amp#27;[0m Getting install status for com.androidsample.generalstore
[debug] &amp#27;[38;5;64m[ADB]&amp#27;[0m Running 'C:\Users\user\AppData\Local\Android\Sdk\platform-tools\adb.exe -P 5037 -s R58T40NK2WX shell dumpsys package com.androidsample.generalstore'
[debug] &amp#27;[38;5;64m[ADB]&amp#27;[0m 'com.androidsample.generalstore' is installed
[debug] &amp#27;[38;5;64m[ADB]&amp#27;[0m Running 'C:\Users\user\AppData\Local\Android\Sdk\platform-tools\adb.exe -P 5037 -s R58T40NK2WX shell am force-stop com.androidsample.generalstore'
[debug] &amp#27;[38;5;64m[ADB]&amp#27;[0m Running 'C:\Users\user\AppData\Local\Android\Sdk\platform-tools\adb.exe -P 5037 -s R58T40NK2WX shell pm clear com.androidsample.generalstore'
[debug] &amp#27;[38;5;80m[AndroidDriver]&amp#27;[0m Performed fast reset on the installed 'com.androidsample.generalstore' application (stop and clear)
[debug] &amp#27;[38;5;32m[AndroidUiautomator2Driver@5b9e (b1089d61)]&amp#27;[0m Performing shallow cleanup of automation leftovers
[debug] &amp#27;[38;5;32m[AndroidUiautomator2Driver@5b9e (b1089d61)]&amp#27;[0m No obsolete sessions have been detected (socket hang up)
[debug] &amp#27;[38;5;64m[ADB]&amp#27;[0m Running 'C:\Users\user\AppData\Local\Android\Sdk\platform-tools\adb.exe -P 5037 -s R58T40NK2WX shell am force-stop io.appium.uiautomator2.server.test'
&amp#27;[38;5;32m[AndroidUiautomator2Driver@5b9e (b1089d61)]&amp#27;[0m Starting UIAutomator2 server 5.7.8
&amp#27;[38;5;32m[AndroidUiautomator2Driver@5b9e (b1089d61)]&amp#27;[0m Using UIAutomator2 server from 'C:\Users\user\.appium\node_modules\appium-uiautomator2-driver\node_modules\appium-uiautomator2-server\apks\appium-uiautomator2-server-v5.7.8.apk' and test from 'C:\Users\user\.appium\node_modules\appium-uiautomator2-driver\node_modules\appium-uiautomator2-server\apks\appium-uiautomator2-server-debug-androidTest.apk'
&amp#27;[38;5;32m[AndroidUiautomator2Driver@5b9e (b1089d61)]&amp#27;[0m Waiting up to 30000ms for UiAutomator2 to be online...
[debug] &amp#27;[38;5;64m[ADB]&amp#27;[0m Creating ADB subprocess with args: ["-P",5037,"-s","R58T40NK2WX","shell","am","instrument","-w","-e","disableAnalytics",true,"io.appium.uiautomator2.server.test/androidx.test.runner.AndroidJUnitRunner"]
[debug] &amp#27;[38;5;32m[AndroidUiautomator2Driver@5b9e (b1089d61)]&amp#27;[0m Matched '/status' to command name 'getStatus'
[debug] &amp#27;[38;5;32m[AndroidUiautomator2Driver@5b9e (b1089d61)]&amp#27;[0m Proxying [GET /status] to [GET http://127.0.0.1:8200/status] with no body
&amp#27;[38;5;32m[AndroidUiautomator2Driver@5b9e (b1089d61)]&amp#27;[0m socket hang up
[debug] &amp#27;[38;5;32m[AndroidUiautomator2Driver@5b9e (b1089d61)]&amp#27;[0m Matched '/status' to command name 'getStatus'
[debug] &amp#27;[38;5;32m[AndroidUiautomator2Driver@5b9e (b1089d61)]&amp#27;[0m Proxying [GET /status] to [GET http://127.0.0.1:8200/status] with no body
&amp#27;[38;5;32m[AndroidUiautomator2Driver@5b9e (b1089d61)]&amp#27;[0m socket hang up
[debug] &amp#27;[38;5;112m[Instrumentation]&amp#27;[0m io.appium.uiautomator2.server.test.AppiumUiAutomator2Server:
[debug] &amp#27;[38;5;32m[AndroidUiautomator2Driver@5b9e (b1089d61)]&amp#27;[0m Matched '/status' to command name 'getStatus'
[debug] &amp#27;[38;5;32m[AndroidUiautomator2Driver@5b9e (b1089d61)]&amp#27;[0m Proxying [GET /status] to [GET http://127.0.0.1:8200/status] with no body
&amp#27;[38;5;32m[AndroidUiautomator2Driver@5b9e (b1089d61)]&amp#27;[0m socket hang up
[debug] &amp#27;[38;5;32m[AndroidUiautomator2Driver@5b9e (b1089d61)]&amp#27;[0m Matched '/status' to command name 'getStatus'
[debug] &amp#27;[38;5;32m[AndroidUiautomator2Driver@5b9e (b1089d61)]&amp#27;[0m Proxying [GET /status] to [GET http://127.0.0.1:8200/status] with no body
[debug] &amp#27;[38;5;32m[AndroidUiautomator2Driver@5b9e (b1089d61)]&amp#27;[0m Got response with status 200: {"sessionId":"None","value":{"message":"UiAutomator2 Server is ready to accept commands","ready":true}}
[debug] &amp#27;[38;5;32m[AndroidUiautomator2Driver@5b9e (b1089d61)]&amp#27;[0m The initialization of the instrumentation process took 3166ms
[debug] &amp#27;[38;5;32m[AndroidUiautomator2Driver@5b9e (b1089d61)]&amp#27;[0m Matched '/session' to command name 'createSession'
[debug] &amp#27;[38;5;32m[AndroidUiautomator2Driver@5b9e (b1089d61)]&amp#27;[0m Proxying [POST /session] to [POST http://127.0.0.1:8200/session] with body: {"capabilities":{"firstMatch":[{"platform":"LINUX","webStorageEnabled":false,"takesScreenshot":true,"javascriptEnabled":true,"databaseEnabled":false,"networkConnectionEnabled":true,"locationContextEnabled":false,"warnings":{},"desired":{"platformName":"android","app":"C:\\Users\\user\\eclipse-workspace\\appiumFrameworkPage//src//test//java//resources//General-Store.apk","automationName":"UIAutomator2","chromedriverExecutable":"C://Users//user//Desktop//Proyectos_App//driver//chromedriver_122//chromedriver.exe"},"platformName":"android","app":"C:\\Users\\user\\eclipse-workspace\\appiumFrameworkPage//src//test//java//resources//General-Store.apk","automationName":"UIAutomator2","chromedriverExecutable":"C://Users//user//Desktop//Proyectos_App//driver//chromedriver_122//chromedriver.exe","deviceName":"R58T40NK2WX","deviceUDID":"R58T40NK2WX","appPackage":"com.androidsample.generalstore"}],"alwaysMatch":{}}}
[debug] &amp#27;[38;5;32m[AndroidUiautomator2Driver@5b9e (b1089d61)]&amp#27;[0m Got response with status 200: {"sessionId":"9d48ab4a-6906-44ab-a699-7924f6849c9a","value":{"capabilities":{"firstMatch":[{"platform":"LINUX","webStorageEnabled":false,"takesScreenshot":true,"javascriptEnabled":true,"databaseEnabled":false,"networkConnectionEnabled":true,"locationContextEnabled":false,"warnings":{},"desired":{"platformName":"android","app":"C:\\Users\\user\\eclipse-workspace\\appiumFrameworkPage//src//test//java//resources//General-Store.apk","automationName":"UIAutomator2","chromedriverExecutable":"C://Users//user//Desktop//Proyectos_App//driver//chromedriver_122//chromedriver.exe"},"platformName":"android","app":"C:\\Users\\user\\eclipse-workspace\\appiumFrameworkPage//src//test//java//resources//General-Store.apk","automationName":"UIAutomator2","chromedriverExecutable":"C://Users//user//Desktop//Proyectos_App//driver//chromedriver_122//chromedriver.exe","deviceName":"R58T40NK2WX","deviceUDID":"R58T40NK2WX","appPackage":"com.androidsample.generalstore"}],"alwaysMatch":{}},"sessionId":"9d48ab4a-6906-44ab-a699-7924f684...
&amp#27;[38;5;32m[AndroidUiautomator2Driver@5b9e (b1089d61)]&amp#27;[0m Determined the downstream protocol as 'W3C'
[debug] &amp#27;[38;5;32m[AndroidUiautomator2Driver@5b9e (b1089d61)]&amp#27;[0m Proxying [GET /appium/device/info] to [GET http://127.0.0.1:8200/session/9d48ab4a-6906-44ab-a699-7924f6849c9a/appium/device/info] with no body
[debug] &amp#27;[38;5;32m[AndroidUiautomator2Driver@5b9e (b1089d61)]&amp#27;[0m Got response with status 200: {"sessionId":"9d48ab4a-6906-44ab-a699-7924f6849c9a","value":{"androidId":"bc5ebf791b2ae4eb","apiVersion":"33","bluetooth":{"state":"ON"},"brand":"samsung","carrierName":"#CoberturaCLARO","displayDensity":300,"locale":"es_US","manufacturer":"samsung","model":"SM-A225M","networks":[{"capabilities":{"SSID":null,"linkDownBandwidthKbps":5064,"linkUpstreamBandwidthKbps":9537,"networkCapabilities":"NET_CAPABILITY_IMS,NET_CAPABILITY_NOT_METERED,NET_CAPABILITY_TRUSTED,NET_CAPABILITY_NOT_VPN,NET_CAPABILITY_VALIDATED,NET_CAPABILITY_NOT_ROAMING,NET_CAPABILITY_FOREGROUND,NET_CAPABILITY_NOT_CONGESTED,NET_CAPABILITY_NOT_SUSPENDED","signalStrength":-2147483648,"transportTypes":"TRANSPORT_CELLULAR"},"detailedState":"CONNECTED","extraInfo":"ims","isAvailable":true,"isConnected":true,"isFailover":false,"isRoaming":false,"state":"CONNECTED","subtype":13,"subtypeName":"LTE","type":0,"typeName":"MOBILE"},{"capabilities":{"SSID":null,"linkDownBandwidthKbps":30000,"linkUpstreamBandwidthKbps":12000,"networkCapabilities":"NET_CAPAB...
[debug] &amp#27;[38;5;64m[ADB]&amp#27;[0m Running 'C:\Users\user\AppData\Local\Android\Sdk\platform-tools\adb.exe -P 5037 -s R58T40NK2WX shell dumpsys window'
&amp#27;[38;5;80m[AndroidDriver]&amp#27;[0m Screen already unlocked, doing nothing
&amp#27;[38;5;32m[AndroidUiautomator2Driver@5b9e (b1089d61)]&amp#27;[0m Starting 'com.androidsample.generalstore/com.androidsample.generalstore.SplashActivity and waiting for 'com.androidsample.generalstore/com.androidsample.generalstore.SplashActivity'
[debug] &amp#27;[38;5;64m[ADB]&amp#27;[0m Running 'C:\Users\user\AppData\Local\Android\Sdk\platform-tools\adb.exe -P 5037 -s R58T40NK2WX shell am start -W -n com.androidsample.generalstore/com.androidsample.generalstore.SplashActivity -S -a android.intent.action.MAIN -c android.intent.category.LAUNCHER -f 0x10200000'
[debug] &amp#27;[38;5;64m[ADB]&amp#27;[0m Waiting up to 20000ms for activity matching pkg: 'com.androidsample.generalstore' and activity: 'com.androidsample.generalstore.SplashActivity' to be focused
[debug] &amp#27;[38;5;64m[ADB]&amp#27;[0m Possible activities, to be checked: 'com.androidsample.generalstore.SplashActivity', 'com.androidsample.generalstore.com.androidsample.generalstore.SplashActivity'
[debug] &amp#27;[38;5;64m[ADB]&amp#27;[0m Getting focused package and activity
[debug] &amp#27;[38;5;64m[ADB]&amp#27;[0m Running 'C:\Users\user\AppData\Local\Android\Sdk\platform-tools\adb.exe -P 5037 -s R58T40NK2WX shell dumpsys window displays'
[debug] &amp#27;[38;5;64m[ADB]&amp#27;[0m Found package: 'com.androidsample.generalstore' and fully qualified activity name : 'com.androidsample.generalstore.SplashActivity'
[debug] &amp#27;[38;5;32m[AndroidUiautomator2Driver@5b9e (b1089d61)]&amp#27;[0m Proxying [GET /appium/device/pixel_ratio] to [GET http://127.0.0.1:8200/session/9d48ab4a-6906-44ab-a699-7924f6849c9a/appium/device/pixel_ratio] with no body
[debug] &amp#27;[38;5;32m[AndroidUiautomator2Driver@5b9e (b1089d61)]&amp#27;[0m Got response with status 200: {"sessionId":"9d48ab4a-6906-44ab-a699-7924f6849c9a","value":1.875}
[debug] &amp#27;[38;5;32m[AndroidUiautomator2Driver@5b9e (b1089d61)]&amp#27;[0m Matched '/appium/device/system_bars' to command name 'getSystemBars'
[debug] &amp#27;[38;5;32m[AndroidUiautomator2Driver@5b9e (b1089d61)]&amp#27;[0m Proxying [GET /appium/device/system_bars] to [GET http://127.0.0.1:8200/session/9d48ab4a-6906-44ab-a699-7924f6849c9a/appium/device/system_bars] with no body
[debug] &amp#27;[38;5;32m[AndroidUiautomator2Driver@5b9e (b1089d61)]&amp#27;[0m Got response with status 200: {"sessionId":"9d48ab4a-6906-44ab-a699-7924f6849c9a","value":{"statusBar":53}}
[debug] &amp#27;[38;5;32m[AndroidUiautomator2Driver@5b9e (b1089d61)]&amp#27;[0m Matched '/window/current/size' to command name 'getWindowSize'
[debug] &amp#27;[38;5;32m[AndroidUiautomator2Driver@5b9e (b1089d61)]&amp#27;[0m Proxying [GET /window/current/size] to [GET http://127.0.0.1:8200/session/9d48ab4a-6906-44ab-a699-7924f6849c9a/window/current/size] with no body
[debug] &amp#27;[38;5;32m[AndroidUiautomator2Driver@5b9e (b1089d61)]&amp#27;[0m Got response with status 200: {"sessionId":"9d48ab4a-6906-44ab-a699-7924f6849c9a","value":{"height":1452,"width":720}}
&amp#27;[38;5;16m[AppiumDriver@c082]&amp#27;[0m New AndroidUiautomator2Driver session created successfully, session b1089d61-05b8-4327-aea7-19aa2a019e79 added to master session list
[debug] &amp#27;[38;5;16m[AppiumDriver@c082]&amp#27;[0m Event 'newSessionStarted' logged at 1711518800354 (00:53:20 GMT-0500 (hora estÃ¡ndar de Colombia))
[debug] &amp#27;[38;5;32m[AndroidUiautomator2Driver@5b9e (b1089d61)]&amp#27;[0m Cached the protocol value 'W3C' for the new session b1089d61-05b8-4327-aea7-19aa2a019e79
[debug] &amp#27;[38;5;32m[AndroidUiautomator2Driver@5b9e (b1089d61)]&amp#27;[0m Responding to client with driver.createSession() result: {"capabilities":{"platform":"LINUX","webStorageEnabled":false,"takesScreenshot":true,"javascriptEnabled":true,"databaseEnabled":false,"networkConnectionEnabled":true,"locationContextEnabled":false,"warnings":{},"desired":{"platformName":"android","app":"C:\\Users\\user\\eclipse-workspace\\appiumFrameworkPage//src//test//java//resources//General-Store.apk","automationName":"UIAutomator2","chromedriverExecutable":"C://Users//user//Desktop//Proyectos_App//driver//chromedriver_122//chromedriver.exe"},"platformName":"android","app":"C:\\Users\\user\\eclipse-workspace\\appiumFrameworkPage//src//test//java//resources//General-Store.apk","automationName":"UIAutomator2","chromedriverExecutable":"C://Users//user//Desktop//Proyectos_App//driver//chromedriver_122//chromedriver.exe","deviceName":"R58T40NK2WX","deviceUDID":"R58T40NK2WX","appPackage":"com.androidsample.generalstore","deviceApiLevel":33,"platformVersion":"13","deviceScreenSize":"720x1600","deviceScreenDensity":300,"deviceModel":"SM-A225M","deviceManufactu...
&amp#27;[38;5;0m[HTTP]&amp#27;[0m &amp#27;[37m<-- POST /session &amp#27;[39m&amp#27;[32m200&amp#27;[39m &amp#27;[90m10840 ms - 1197&amp#27;[39m
&amp#27;[38;5;0m[HTTP]&amp#27;[0m &amp#27;[90m&amp#27;[39m
&amp#27;[38;5;0m[HTTP]&amp#27;[0m &amp#27;[37m-->&amp#27;[39m &amp#27;[37mPOST&amp#27;[39m &amp#27;[37m/session/b1089d61-05b8-4327-aea7-19aa2a019e79/timeouts&amp#27;[39m
&amp#27;[38;5;0m[HTTP]&amp#27;[0m &amp#27;[90m{"implicit":10000}&amp#27;[39m
[debug] &amp#27;[38;5;32m[AndroidUiautomator2Driver@5b9e (b1089d61)]&amp#27;[0m Calling AppiumDriver.timeouts() with args: [null,null,null,null,10000,"b1089d61-05b8-4327-aea7-19aa2a019e79"]
[debug] &amp#27;[38;5;32m[AndroidUiautomator2Driver@5b9e (b1089d61)]&amp#27;[0m W3C timeout argument: {"implicit":10000}}
[debug] &amp#27;[38;5;32m[AndroidUiautomator2Driver@5b9e (b1089d61)]&amp#27;[0m Set implicit wait to 10000ms
[debug] &amp#27;[38;5;32m[AndroidUiautomator2Driver@5b9e (b1089d61)]&amp#27;[0m Responding to client with driver.timeouts() result: null
&amp#27;[38;5;0m[HTTP]&amp#27;[0m &amp#27;[37m<-- POST /session/b1089d61-05b8-4327-aea7-19aa2a019e79/timeouts &amp#27;[39m&amp#27;[32m200&amp#27;[39m &amp#27;[90m7 ms - 14&amp#27;[39m
&amp#27;[38;5;0m[HTTP]&amp#27;[0m &amp#27;[90m&amp#27;[39m
&amp#27;[38;5;0m[HTTP]&amp#27;[0m &amp#27;[37m-->&amp#27;[39m &amp#27;[37mPOST&amp#27;[39m &amp#27;[37m/session/b1089d61-05b8-4327-aea7-19aa2a019e79/appium/device/start_activity&amp#27;[39m
&amp#27;[38;5;0m[HTTP]&amp#27;[0m &amp#27;[90m{"appPackage":"com.androidsample.generalstore","appActivity":"com.androidsample.generalstore.MainActivity","appWaitPackage":"","appWaitActivity":"","dontStopAppOnReset":false,"intentAction":"","intentCategory":"","intentFlags":"","optionalIntentArguments":""}&amp#27;[39m
[debug] &amp#27;[38;5;32m[AndroidUiautomator2Driver@5b9e (b1089d61)]&amp#27;[0m Calling AppiumDriver.startActivity() with args: ["com.androidsample.generalstore","com.androidsample.generalstore.MainActivity","","","","","","",false,null,null,"b1089d61-05b8-4327-aea7-19aa2a019e79"]
[debug] &amp#27;[38;5;32m[AndroidUiautomator2Driver@5b9e (b1089d61)]&amp#27;[0m Starting package 'com.androidsample.generalstore' and activity 'com.androidsample.generalstore.MainActivity'
[debug] &amp#27;[38;5;64m[ADB]&amp#27;[0m Running 'C:\Users\user\AppData\Local\Android\Sdk\platform-tools\adb.exe -P 5037 -s R58T40NK2WX shell am start -W -n com.androidsample.generalstore/com.androidsample.generalstore.MainActivity -S'
[debug] &amp#27;[38;5;64m[ADB]&amp#27;[0m Waiting up to 20000ms for activity matching pkg: 'com.androidsample.generalstore' and activity: 'com.androidsample.generalstore.MainActivity' to be focused
[debug] &amp#27;[38;5;64m[ADB]&amp#27;[0m Possible activities, to be checked: 'com.androidsample.generalstore.MainActivity', 'com.androidsample.generalstore.com.androidsample.generalstore.MainActivity'
[debug] &amp#27;[38;5;64m[ADB]&amp#27;[0m Getting focused package and activity
[debug] &amp#27;[38;5;64m[ADB]&amp#27;[0m Running 'C:\Users\user\AppData\Local\Android\Sdk\platform-tools\adb.exe -P 5037 -s R58T40NK2WX shell dumpsys window displays'
[debug] &amp#27;[38;5;64m[ADB]&amp#27;[0m Found package: 'com.androidsample.generalstore' and fully qualified activity name : 'com.androidsample.generalstore.MainActivity'
[debug] &amp#27;[38;5;32m[AndroidUiautomator2Driver@5b9e (b1089d61)]&amp#27;[0m Responding to client with driver.startActivity() result: null
&amp#27;[38;5;0m[HTTP]&amp#27;[0m &amp#27;[37m<-- POST /session/b1089d61-05b8-4327-aea7-19aa2a019e79/appium/device/start_activity &amp#27;[39m&amp#27;[32m200&amp#27;[39m &amp#27;[90m1207 ms - 14&amp#27;[39m
&amp#27;[38;5;0m[HTTP]&amp#27;[0m &amp#27;[90m&amp#27;[39m
&amp#27;[38;5;0m[HTTP]&amp#27;[0m &amp#27;[37m-->&amp#27;[39m &amp#27;[37mPOST&amp#27;[39m &amp#27;[37m/session/b1089d61-05b8-4327-aea7-19aa2a019e79/appium/device/hide_keyboard&amp#27;[39m
&amp#27;[38;5;0m[HTTP]&amp#27;[0m &amp#27;[90m{}&amp#27;[39m
[debug] &amp#27;[38;5;32m[AndroidUiautomator2Driver@5b9e (b1089d61)]&amp#27;[0m Calling AppiumDriver.hideKeyboard() with args: [null,null,null,null,"b1089d61-05b8-4327-aea7-19aa2a019e79"]
[debug] &amp#27;[38;5;64m[ADB]&amp#27;[0m Running 'C:\Users\user\AppData\Local\Android\Sdk\platform-tools\adb.exe -P 5037 -s R58T40NK2WX shell dumpsys input_method'
&amp#27;[38;5;64m[ADB]&amp#27;[0m Keyboard has no UI; no closing necessary
[debug] &amp#27;[38;5;32m[AndroidUiautomator2Driver@5b9e (b1089d61)]&amp#27;[0m Responding to client with driver.hideKeyboard() result: false
&amp#27;[38;5;0m[HTTP]&amp#27;[0m &amp#27;[37m<-- POST /session/b1089d61-05b8-4327-aea7-19aa2a019e79/appium/device/hide_keyboard &amp#27;[39m&amp#27;[32m200&amp#27;[39m &amp#27;[90m347 ms - 15&amp#27;[39m
&amp#27;[38;5;0m[HTTP]&amp#27;[0m &amp#27;[90m&amp#27;[39m
&amp#27;[38;5;0m[HTTP]&amp#27;[0m &amp#27;[37m-->&amp#27;[39m &amp#27;[37mPOST&amp#27;[39m &amp#27;[37m/session/b1089d61-05b8-4327-aea7-19aa2a019e79/element&amp#27;[39m
&amp#27;[38;5;0m[HTTP]&amp#27;[0m &amp#27;[90m{"using":"xpath","value":"//android.widget.RadioButton[@text='Female']"}&amp#27;[39m
[debug] &amp#27;[38;5;32m[AndroidUiautomator2Driver@5b9e (b1089d61)]&amp#27;[0m Calling AppiumDriver.findElement() with args: ["xpath","//android.widget.RadioButton[@text='Female']","b1089d61-05b8-4327-aea7-19aa2a019e79"]
[debug] &amp#27;[38;5;32m[AndroidUiautomator2Driver@5b9e (b1089d61)]&amp#27;[0m Valid locator strategies for this request: xpath, id, class name, accessibility id, css selector, -android uiautomator
[debug] &amp#27;[38;5;32m[AndroidUiautomator2Driver@5b9e (b1089d61)]&amp#27;[0m Waiting up to 10000 ms for condition
[debug] &amp#27;[38;5;32m[AndroidUiautomator2Driver@5b9e (b1089d61)]&amp#27;[0m Matched '/element' to command name 'findElement'
[debug] &amp#27;[38;5;32m[AndroidUiautomator2Driver@5b9e (b1089d61)]&amp#27;[0m Proxying [POST /element] to [POST http://127.0.0.1:8200/session/9d48ab4a-6906-44ab-a699-7924f6849c9a/element] with body: {"strategy":"xpath","selector":"//android.widget.RadioButton[@text='Female']","context":"","multiple":false}
[debug] &amp#27;[38;5;32m[AndroidUiautomator2Driver@5b9e (b1089d61)]&amp#27;[0m Got response with status 200: {"sessionId":"9d48ab4a-6906-44ab-a699-7924f6849c9a","value":{"ELEMENT":"00000000-0000-07bc-ffff-ffff00000017","element-6066-11e4-a52e-4f735466cecf":"00000000-0000-07bc-ffff-ffff00000017"}}
[debug] &amp#27;[38;5;32m[AndroidUiautomator2Driver@5b9e (b1089d61)]&amp#27;[0m Responding to client with driver.findElement() result: {"element-6066-11e4-a52e-4f735466cecf":"00000000-0000-07bc-ffff-ffff00000017","ELEMENT":"00000000-0000-07bc-ffff-ffff00000017"}
&amp#27;[38;5;0m[HTTP]&amp#27;[0m &amp#27;[37m<-- POST /session/b1089d61-05b8-4327-aea7-19aa2a019e79/element &amp#27;[39m&amp#27;[32m200&amp#27;[39m &amp#27;[90m1497 ms - 137&amp#27;[39m
&amp#27;[38;5;0m[HTTP]&amp#27;[0m &amp#27;[90m&amp#27;[39m
&amp#27;[38;5;0m[HTTP]&amp#27;[0m &amp#27;[37m-->&amp#27;[39m &amp#27;[37mPOST&amp#27;[39m &amp#27;[37m/session/b1089d61-05b8-4327-aea7-19aa2a019e79/element/00000000-0000-07bc-ffff-ffff00000017/click&amp#27;[39m
&amp#27;[38;5;0m[HTTP]&amp#27;[0m &amp#27;[90m{"id":"00000000-0000-07bc-ffff-ffff00000017"}&amp#27;[39m
[debug] &amp#27;[38;5;32m[AndroidUiautomator2Driver@5b9e (b1089d61)]&amp#27;[0m Calling AppiumDriver.click() with args: ["00000000-0000-07bc-ffff-ffff00000017","b1089d61-05b8-4327-aea7-19aa2a019e79"]
[debug] &amp#27;[38;5;32m[AndroidUiautomator2Driver@5b9e (b1089d61)]&amp#27;[0m Matched '/element/00000000-0000-07bc-ffff-ffff00000017/click' to command name 'click'
[debug] &amp#27;[38;5;32m[AndroidUiautomator2Driver@5b9e (b1089d61)]&amp#27;[0m Proxying [POST /element/00000000-0000-07bc-ffff-ffff00000017/click] to [POST http://127.0.0.1:8200/session/9d48ab4a-6906-44ab-a699-7924f6849c9a/element/00000000-0000-07bc-ffff-ffff00000017/click] with body: {"element":"00000000-0000-07bc-ffff-ffff00000017"}
[debug] &amp#27;[38;5;32m[AndroidUiautomator2Driver@5b9e (b1089d61)]&amp#27;[0m Got response with status 200: {"sessionId":"9d48ab4a-6906-44ab-a699-7924f6849c9a","value":null}
[debug] &amp#27;[38;5;32m[AndroidUiautomator2Driver@5b9e (b1089d61)]&amp#27;[0m Responding to client with driver.click() result: null
&amp#27;[38;5;0m[HTTP]&amp#27;[0m &amp#27;[37m<-- POST /session/b1089d61-05b8-4327-aea7-19aa2a019e79/element/00000000-0000-07bc-ffff-ffff00000017/click &amp#27;[39m&amp#27;[32m200&amp#27;[39m &amp#27;[90m86 ms - 14&amp#27;[39m
&amp#27;[38;5;0m[HTTP]&amp#27;[0m &amp#27;[90m&amp#27;[39m
&amp#27;[38;5;0m[HTTP]&amp#27;[0m &amp#27;[37m-->&amp#27;[39m &amp#27;[37mPOST&amp#27;[39m &amp#27;[37m/session/b1089d61-05b8-4327-aea7-19aa2a019e79/element&amp#27;[39m
&amp#27;[38;5;0m[HTTP]&amp#27;[0m &amp#27;[90m{"using":"id","value":"android:id/text1"}&amp#27;[39m
[debug] &amp#27;[38;5;32m[AndroidUiautomator2Driver@5b9e (b1089d61)]&amp#27;[0m Calling AppiumDriver.findElement() with args: ["id","android:id/text1","b1089d61-05b8-4327-aea7-19aa2a019e79"]
[debug] &amp#27;[38;5;32m[AndroidUiautomator2Driver@5b9e (b1089d61)]&amp#27;[0m Valid locator strategies for this request: xpath, id, class name, accessibility id, css selector, -android uiautomator
[debug] &amp#27;[38;5;32m[AndroidUiautomator2Driver@5b9e (b1089d61)]&amp#27;[0m Waiting up to 10000 ms for condition
[debug] &amp#27;[38;5;32m[AndroidUiautomator2Driver@5b9e (b1089d61)]&amp#27;[0m Matched '/element' to command name 'findElement'
[debug] &amp#27;[38;5;32m[AndroidUiautomator2Driver@5b9e (b1089d61)]&amp#27;[0m Proxying [POST /element] to [POST http://127.0.0.1:8200/session/9d48ab4a-6906-44ab-a699-7924f6849c9a/element] with body: {"strategy":"id","selector":"android:id/text1","context":"","multiple":false}
[debug] &amp#27;[38;5;32m[AndroidUiautomator2Driver@5b9e (b1089d61)]&amp#27;[0m Got response with status 200: {"sessionId":"9d48ab4a-6906-44ab-a699-7924f6849c9a","value":{"ELEMENT":"00000000-0000-07bc-ffff-ffff0000001b","element-6066-11e4-a52e-4f735466cecf":"00000000-0000-07bc-ffff-ffff0000001b"}}
[debug] &amp#27;[38;5;32m[AndroidUiautomator2Driver@5b9e (b1089d61)]&amp#27;[0m Responding to client with driver.findElement() result: {"element-6066-11e4-a52e-4f735466cecf":"00000000-0000-07bc-ffff-ffff0000001b","ELEMENT":"00000000-0000-07bc-ffff-ffff0000001b"}
&amp#27;[38;5;0m[HTTP]&amp#27;[0m &amp#27;[37m<-- POST /session/b1089d61-05b8-4327-aea7-19aa2a019e79/element &amp#27;[39m&amp#27;[32m200&amp#27;[39m &amp#27;[90m118 ms - 137&amp#27;[39m
&amp#27;[38;5;0m[HTTP]&amp#27;[0m &amp#27;[90m&amp#27;[39m
&amp#27;[38;5;0m[HTTP]&amp#27;[0m &amp#27;[37m-->&amp#27;[39m &amp#27;[37mPOST&amp#27;[39m &amp#27;[37m/session/b1089d61-05b8-4327-aea7-19aa2a019e79/element/00000000-0000-07bc-ffff-ffff0000001b/click&amp#27;[39m
&amp#27;[38;5;0m[HTTP]&amp#27;[0m &amp#27;[90m{"id":"00000000-0000-07bc-ffff-ffff0000001b"}&amp#27;[39m
[debug] &amp#27;[38;5;32m[AndroidUiautomator2Driver@5b9e (b1089d61)]&amp#27;[0m Calling AppiumDriver.click() with args: ["00000000-0000-07bc-ffff-ffff0000001b","b1089d61-05b8-4327-aea7-19aa2a019e79"]
[debug] &amp#27;[38;5;32m[AndroidUiautomator2Driver@5b9e (b1089d61)]&amp#27;[0m Matched '/element/00000000-0000-07bc-ffff-ffff0000001b/click' to command name 'click'
[debug] &amp#27;[38;5;32m[AndroidUiautomator2Driver@5b9e (b1089d61)]&amp#27;[0m Proxying [POST /element/00000000-0000-07bc-ffff-ffff0000001b/click] to [POST http://127.0.0.1:8200/session/9d48ab4a-6906-44ab-a699-7924f6849c9a/element/00000000-0000-07bc-ffff-ffff0000001b/click] with body: {"element":"00000000-0000-07bc-ffff-ffff0000001b"}
[debug] &amp#27;[38;5;32m[AndroidUiautomator2Driver@5b9e (b1089d61)]&amp#27;[0m Got response with status 200: {"sessionId":"9d48ab4a-6906-44ab-a699-7924f6849c9a","value":null}
[debug] &amp#27;[38;5;32m[AndroidUiautomator2Driver@5b9e (b1089d61)]&amp#27;[0m Responding to client with driver.click() result: null
&amp#27;[38;5;0m[HTTP]&amp#27;[0m &amp#27;[37m<-- POST /session/b1089d61-05b8-4327-aea7-19aa2a019e79/element/00000000-0000-07bc-ffff-ffff0000001b/click &amp#27;[39m&amp#27;[32m200&amp#27;[39m &amp#27;[90m584 ms - 14&amp#27;[39m
&amp#27;[38;5;0m[HTTP]&amp#27;[0m &amp#27;[90m&amp#27;[39m
&amp#27;[38;5;0m[HTTP]&amp#27;[0m &amp#27;[37m-->&amp#27;[39m &amp#27;[37mPOST&amp#27;[39m &amp#27;[37m/session/b1089d61-05b8-4327-aea7-19aa2a019e79/element&amp#27;[39m
&amp#27;[38;5;0m[HTTP]&amp#27;[0m &amp#27;[90m{"using":"-android uiautomator","value":"new UiScrollable(new UiSelector()).scrollIntoView(text(\"Argentina\"));"}&amp#27;[39m
[debug] &amp#27;[38;5;32m[AndroidUiautomator2Driver@5b9e (b1089d61)]&amp#27;[0m Calling AppiumDriver.findElement() with args: ["-android uiautomator","new UiScrollable(new UiSelector()).scrollIntoView(text(\"Argentina\"));","b1089d61-05b8-4327-aea7-19aa2a019e79"]
[debug] &amp#27;[38;5;32m[AndroidUiautomator2Driver@5b9e (b1089d61)]&amp#27;[0m Valid locator strategies for this request: xpath, id, class name, accessibility id, css selector, -android uiautomator
[debug] &amp#27;[38;5;32m[AndroidUiautomator2Driver@5b9e (b1089d61)]&amp#27;[0m Waiting up to 10000 ms for condition
[debug] &amp#27;[38;5;32m[AndroidUiautomator2Driver@5b9e (b1089d61)]&amp#27;[0m Matched '/element' to command name 'findElement'
[debug] &amp#27;[38;5;32m[AndroidUiautomator2Driver@5b9e (b1089d61)]&amp#27;[0m Proxying [POST /element] to [POST http://127.0.0.1:8200/session/9d48ab4a-6906-44ab-a699-7924f6849c9a/element] with body: {"strategy":"-android uiautomator","selector":"new UiScrollable(new UiSelector()).scrollIntoView(text(\"Argentina\"));","context":"","multiple":false}
[debug] &amp#27;[38;5;32m[AndroidUiautomator2Driver@5b9e (b1089d61)]&amp#27;[0m Got response with status 200: {"sessionId":"9d48ab4a-6906-44ab-a699-7924f6849c9a","value":{"ELEMENT":"00000000-0000-07bd-ffff-ffff00000029","element-6066-11e4-a52e-4f735466cecf":"00000000-0000-07bd-ffff-ffff00000029"}}
[debug] &amp#27;[38;5;32m[AndroidUiautomator2Driver@5b9e (b1089d61)]&amp#27;[0m Responding to client with driver.findElement() result: {"element-6066-11e4-a52e-4f735466cecf":"00000000-0000-07bd-ffff-ffff00000029","ELEMENT":"00000000-0000-07bd-ffff-ffff00000029"}
&amp#27;[38;5;0m[HTTP]&amp#27;[0m &amp#27;[37m<-- POST /session/b1089d61-05b8-4327-aea7-19aa2a019e79/element &amp#27;[39m&amp#27;[32m200&amp#27;[39m &amp#27;[90m1489 ms - 137&amp#27;[39m
&amp#27;[38;5;0m[HTTP]&amp#27;[0m &amp#27;[90m&amp#27;[39m
&amp#27;[38;5;0m[HTTP]&amp#27;[0m &amp#27;[37m-->&amp#27;[39m &amp#27;[37mPOST&amp#27;[39m &amp#27;[37m/session/b1089d61-05b8-4327-aea7-19aa2a019e79/element&amp#27;[39m
&amp#27;[38;5;0m[HTTP]&amp#27;[0m &amp#27;[90m{"using":"xpath","value":"//android.widget.TextView[@text='Argentina']"}&amp#27;[39m
[debug] &amp#27;[38;5;32m[AndroidUiautomator2Driver@5b9e (b1089d61)]&amp#27;[0m Calling AppiumDriver.findElement() with args: ["xpath","//android.widget.TextView[@text='Argentina']","b1089d61-05b8-4327-aea7-19aa2a019e79"]
[debug] &amp#27;[38;5;32m[AndroidUiautomator2Driver@5b9e (b1089d61)]&amp#27;[0m Valid locator strategies for this request: xpath, id, class name, accessibility id, css selector, -android uiautomator
[debug] &amp#27;[38;5;32m[AndroidUiautomator2Driver@5b9e (b1089d61)]&amp#27;[0m Waiting up to 10000 ms for condition
[debug] &amp#27;[38;5;32m[AndroidUiautomator2Driver@5b9e (b1089d61)]&amp#27;[0m Matched '/element' to command name 'findElement'
[debug] &amp#27;[38;5;32m[AndroidUiautomator2Driver@5b9e (b1089d61)]&amp#27;[0m Proxying [POST /element] to [POST http://127.0.0.1:8200/session/9d48ab4a-6906-44ab-a699-7924f6849c9a/element] with body: {"strategy":"xpath","selector":"//android.widget.TextView[@text='Argentina']","context":"","multiple":false}
[debug] &amp#27;[38;5;32m[AndroidUiautomator2Driver@5b9e (b1089d61)]&amp#27;[0m Got response with status 200: {"sessionId":"9d48ab4a-6906-44ab-a699-7924f6849c9a","value":{"ELEMENT":"00000000-0000-07bd-ffff-ffff00000029","element-6066-11e4-a52e-4f735466cecf":"00000000-0000-07bd-ffff-ffff00000029"}}
[debug] &amp#27;[38;5;32m[AndroidUiautomator2Driver@5b9e (b1089d61)]&amp#27;[0m Responding to client with driver.findElement() result: {"element-6066-11e4-a52e-4f735466cecf":"00000000-0000-07bd-ffff-ffff00000029","ELEMENT":"00000000-0000-07bd-ffff-ffff00000029"}
&amp#27;[38;5;0m[HTTP]&amp#27;[0m &amp#27;[37m<-- POST /session/b1089d61-05b8-4327-aea7-19aa2a019e79/element &amp#27;[39m&amp#27;[32m200&amp#27;[39m &amp#27;[90m342 ms - 137&amp#27;[39m
&amp#27;[38;5;0m[HTTP]&amp#27;[0m &amp#27;[90m&amp#27;[39m
&amp#27;[38;5;0m[HTTP]&amp#27;[0m &amp#27;[37m-->&amp#27;[39m &amp#27;[37mPOST&amp#27;[39m &amp#27;[37m/session/b1089d61-05b8-4327-aea7-19aa2a019e79/element/00000000-0000-07bd-ffff-ffff00000029/click&amp#27;[39m
&amp#27;[38;5;0m[HTTP]&amp#27;[0m &amp#27;[90m{"id":"00000000-0000-07bd-ffff-ffff00000029"}&amp#27;[39m
[debug] &amp#27;[38;5;32m[AndroidUiautomator2Driver@5b9e (b1089d61)]&amp#27;[0m Calling AppiumDriver.click() with args: ["00000000-0000-07bd-ffff-ffff00000029","b1089d61-05b8-4327-aea7-19aa2a019e79"]
[debug] &amp#27;[38;5;32m[AndroidUiautomator2Driver@5b9e (b1089d61)]&amp#27;[0m Matched '/element/00000000-0000-07bd-ffff-ffff00000029/click' to command name 'click'
[debug] &amp#27;[38;5;32m[AndroidUiautomator2Driver@5b9e (b1089d61)]&amp#27;[0m Proxying [POST /element/00000000-0000-07bd-ffff-ffff00000029/click] to [POST http://127.0.0.1:8200/session/9d48ab4a-6906-44ab-a699-7924f6849c9a/element/00000000-0000-07bd-ffff-ffff00000029/click] with body: {"element":"00000000-0000-07bd-ffff-ffff00000029"}
[debug] &amp#27;[38;5;32m[AndroidUiautomator2Driver@5b9e (b1089d61)]&amp#27;[0m Got response with status 200: {"sessionId":"9d48ab4a-6906-44ab-a699-7924f6849c9a","value":null}
[debug] &amp#27;[38;5;32m[AndroidUiautomator2Driver@5b9e (b1089d61)]&amp#27;[0m Responding to client with driver.click() result: null
&amp#27;[38;5;0m[HTTP]&amp#27;[0m &amp#27;[37m<-- POST /session/b1089d61-05b8-4327-aea7-19aa2a019e79/element/00000000-0000-07bd-ffff-ffff00000029/click &amp#27;[39m&amp#27;[32m200&amp#27;[39m &amp#27;[90m858 ms - 14&amp#27;[39m
&amp#27;[38;5;0m[HTTP]&amp#27;[0m &amp#27;[90m&amp#27;[39m
&amp#27;[38;5;0m[HTTP]&amp#27;[0m &amp#27;[37m-->&amp#27;[39m &amp#27;[37mPOST&amp#27;[39m &amp#27;[37m/session/b1089d61-05b8-4327-aea7-19aa2a019e79/element&amp#27;[39m
&amp#27;[38;5;0m[HTTP]&amp#27;[0m &amp#27;[90m{"using":"id","value":"com.androidsample.generalstore:id/btnLetsShop"}&amp#27;[39m
[debug] &amp#27;[38;5;32m[AndroidUiautomator2Driver@5b9e (b1089d61)]&amp#27;[0m Calling AppiumDriver.findElement() with args: ["id","com.androidsample.generalstore:id/btnLetsShop","b1089d61-05b8-4327-aea7-19aa2a019e79"]
[debug] &amp#27;[38;5;32m[AndroidUiautomator2Driver@5b9e (b1089d61)]&amp#27;[0m Valid locator strategies for this request: xpath, id, class name, accessibility id, css selector, -android uiautomator
[debug] &amp#27;[38;5;32m[AndroidUiautomator2Driver@5b9e (b1089d61)]&amp#27;[0m Waiting up to 10000 ms for condition
[debug] &amp#27;[38;5;32m[AndroidUiautomator2Driver@5b9e (b1089d61)]&amp#27;[0m Matched '/element' to command name 'findElement'
[debug] &amp#27;[38;5;32m[AndroidUiautomator2Driver@5b9e (b1089d61)]&amp#27;[0m Proxying [POST /element] to [POST http://127.0.0.1:8200/session/9d48ab4a-6906-44ab-a699-7924f6849c9a/element] with body: {"strategy":"id","selector":"com.androidsample.generalstore:id/btnLetsShop","context":"","multiple":false}
[debug] &amp#27;[38;5;32m[AndroidUiautomator2Driver@5b9e (b1089d61)]&amp#27;[0m Got response with status 200: {"sessionId":"9d48ab4a-6906-44ab-a699-7924f6849c9a","value":{"ELEMENT":"00000000-0000-07bc-ffff-ffff00000018","element-6066-11e4-a52e-4f735466cecf":"00000000-0000-07bc-ffff-ffff00000018"}}
[debug] &amp#27;[38;5;32m[AndroidUiautomator2Driver@5b9e (b1089d61)]&amp#27;[0m Responding to client with driver.findElement() result: {"element-6066-11e4-a52e-4f735466cecf":"00000000-0000-07bc-ffff-ffff00000018","ELEMENT":"00000000-0000-07bc-ffff-ffff00000018"}
&amp#27;[38;5;0m[HTTP]&amp#27;[0m &amp#27;[37m<-- POST /session/b1089d61-05b8-4327-aea7-19aa2a019e79/element &amp#27;[39m&amp#27;[32m200&amp#27;[39m &amp#27;[90m200 ms - 137&amp#27;[39m
&amp#27;[38;5;0m[HTTP]&amp#27;[0m &amp#27;[90m&amp#27;[39m
&amp#27;[38;5;0m[HTTP]&amp#27;[0m &amp#27;[37m-->&amp#27;[39m &amp#27;[37mPOST&amp#27;[39m &amp#27;[37m/session/b1089d61-05b8-4327-aea7-19aa2a019e79/element/00000000-0000-07bc-ffff-ffff00000018/click&amp#27;[39m
&amp#27;[38;5;0m[HTTP]&amp#27;[0m &amp#27;[90m{"id":"00000000-0000-07bc-ffff-ffff00000018"}&amp#27;[39m
[debug] &amp#27;[38;5;32m[AndroidUiautomator2Driver@5b9e (b1089d61)]&amp#27;[0m Calling AppiumDriver.click() with args: ["00000000-0000-07bc-ffff-ffff00000018","b1089d61-05b8-4327-aea7-19aa2a019e79"]
[debug] &amp#27;[38;5;32m[AndroidUiautomator2Driver@5b9e (b1089d61)]&amp#27;[0m Matched '/element/00000000-0000-07bc-ffff-ffff00000018/click' to command name 'click'
[debug] &amp#27;[38;5;32m[AndroidUiautomator2Driver@5b9e (b1089d61)]&amp#27;[0m Proxying [POST /element/00000000-0000-07bc-ffff-ffff00000018/click] to [POST http://127.0.0.1:8200/session/9d48ab4a-6906-44ab-a699-7924f6849c9a/element/00000000-0000-07bc-ffff-ffff00000018/click] with body: {"element":"00000000-0000-07bc-ffff-ffff00000018"}
[debug] &amp#27;[38;5;32m[AndroidUiautomator2Driver@5b9e (b1089d61)]&amp#27;[0m Got response with status 200: {"sessionId":"9d48ab4a-6906-44ab-a699-7924f6849c9a","value":null}
[debug] &amp#27;[38;5;32m[AndroidUiautomator2Driver@5b9e (b1089d61)]&amp#27;[0m Responding to client with driver.click() result: null
&amp#27;[38;5;0m[HTTP]&amp#27;[0m &amp#27;[37m<-- POST /session/b1089d61-05b8-4327-aea7-19aa2a019e79/element/00000000-0000-07bc-ffff-ffff00000018/click &amp#27;[39m&amp#27;[32m200&amp#27;[39m &amp#27;[90m126 ms - 14&amp#27;[39m
&amp#27;[38;5;0m[HTTP]&amp#27;[0m &amp#27;[90m&amp#27;[39m
&amp#27;[38;5;0m[HTTP]&amp#27;[0m &amp#27;[37m-->&amp#27;[39m &amp#27;[37mPOST&amp#27;[39m &amp#27;[37m/session/b1089d61-05b8-4327-aea7-19aa2a019e79/element&amp#27;[39m
&amp#27;[38;5;0m[HTTP]&amp#27;[0m &amp#27;[90m{"using":"xpath","value":"(//android.widget.Toast)[1]"}&amp#27;[39m
[debug] &amp#27;[38;5;32m[AndroidUiautomator2Driver@5b9e (b1089d61)]&amp#27;[0m Calling AppiumDriver.findElement() with args: ["xpath","(//android.widget.Toast)[1]","b1089d61-05b8-4327-aea7-19aa2a019e79"]
[debug] &amp#27;[38;5;32m[AndroidUiautomator2Driver@5b9e (b1089d61)]&amp#27;[0m Valid locator strategies for this request: xpath, id, class name, accessibility id, css selector, -android uiautomator
[debug] &amp#27;[38;5;32m[AndroidUiautomator2Driver@5b9e (b1089d61)]&amp#27;[0m Waiting up to 10000 ms for condition
[debug] &amp#27;[38;5;32m[AndroidUiautomator2Driver@5b9e (b1089d61)]&amp#27;[0m Matched '/element' to command name 'findElement'
[debug] &amp#27;[38;5;32m[AndroidUiautomator2Driver@5b9e (b1089d61)]&amp#27;[0m Proxying [POST /element] to [POST http://127.0.0.1:8200/session/9d48ab4a-6906-44ab-a699-7924f6849c9a/element] with body: {"strategy":"xpath","selector":"(//android.widget.Toast)[1]","context":"","multiple":false}
[debug] &amp#27;[38;5;32m[AndroidUiautomator2Driver@5b9e (b1089d61)]&amp#27;[0m Got response with status 200: {"sessionId":"9d48ab4a-6906-44ab-a699-7924f6849c9a","value":{"ELEMENT":"a6f1bb88-9489-4148-91bc-6fb33177e2df","element-6066-11e4-a52e-4f735466cecf":"a6f1bb88-9489-4148-91bc-6fb33177e2df"}}
[debug] &amp#27;[38;5;32m[AndroidUiautomator2Driver@5b9e (b1089d61)]&amp#27;[0m Responding to client with driver.findElement() result: {"element-6066-11e4-a52e-4f735466cecf":"a6f1bb88-9489-4148-91bc-6fb33177e2df","ELEMENT":"a6f1bb88-9489-4148-91bc-6fb33177e2df"}
&amp#27;[38;5;0m[HTTP]&amp#27;[0m &amp#27;[37m<-- POST /session/b1089d61-05b8-4327-aea7-19aa2a019e79/element &amp#27;[39m&amp#27;[32m200&amp#27;[39m &amp#27;[90m337 ms - 137&amp#27;[39m
&amp#27;[38;5;0m[HTTP]&amp#27;[0m &amp#27;[90m&amp#27;[39m
&amp#27;[38;5;0m[HTTP]&amp#27;[0m &amp#27;[37m-->&amp#27;[39m &amp#27;[37mGET&amp#27;[39m &amp#27;[37m/session/b1089d61-05b8-4327-aea7-19aa2a019e79/element/a6f1bb88-9489-4148-91bc-6fb33177e2df/attribute/name&amp#27;[39m
&amp#27;[38;5;0m[HTTP]&amp#27;[0m &amp#27;[90m{}&amp#27;[39m
[debug] &amp#27;[38;5;32m[AndroidUiautomator2Driver@5b9e (b1089d61)]&amp#27;[0m Calling AppiumDriver.getAttribute() with args: ["name","a6f1bb88-9489-4148-91bc-6fb33177e2df","b1089d61-05b8-4327-aea7-19aa2a019e79"]
[debug] &amp#27;[38;5;32m[AndroidUiautomator2Driver@5b9e (b1089d61)]&amp#27;[0m Matched '/element/a6f1bb88-9489-4148-91bc-6fb33177e2df/attribute/name' to command name 'getAttribute'
[debug] &amp#27;[38;5;32m[AndroidUiautomator2Driver@5b9e (b1089d61)]&amp#27;[0m Proxying [GET /element/a6f1bb88-9489-4148-91bc-6fb33177e2df/attribute/name] to [GET http://127.0.0.1:8200/session/9d48ab4a-6906-44ab-a699-7924f6849c9a/element/a6f1bb88-9489-4148-91bc-6fb33177e2df/attribute/name] with no body
[debug] &amp#27;[38;5;32m[AndroidUiautomator2Driver@5b9e (b1089d61)]&amp#27;[0m Got response with status 200: {"sessionId":"9d48ab4a-6906-44ab-a699-7924f6849c9a","value":"Please enter your name"}
[debug] &amp#27;[38;5;32m[AndroidUiautomator2Driver@5b9e (b1089d61)]&amp#27;[0m Responding to client with driver.getAttribute() result: "Please enter your name"
&amp#27;[38;5;0m[HTTP]&amp#27;[0m &amp#27;[37m<-- GET /session/b1089d61-05b8-4327-aea7-19aa2a019e79/element/a6f1bb88-9489-4148-91bc-6fb33177e2df/attribute/name &amp#27;[39m&amp#27;[32m200&amp#27;[39m &amp#27;[90m402 ms - 34&amp#27;[39m
&amp#27;[38;5;0m[HTTP]&amp#27;[0m &amp#27;[90m&amp#27;[39m
]]></system-out>
    <system-err><![CDATA[SLF4J: No SLF4J providers were found.
SLF4J: Defaulting to no-operation (NOP) logger implementation
SLF4J: See https://www.slf4j.org/codes.html#noProviders for further details.
]]></system-err>
  </testcase>
  <testcase name="FillForm_PositiveFlow" classname="testsPageObject.fillForm" time="16.334">
    <system-out><![CDATA[&amp#27;[38;5;0m[HTTP]&amp#27;[0m &amp#27;[37m-->&amp#27;[39m &amp#27;[37mPOST&amp#27;[39m &amp#27;[37m/session/b1089d61-05b8-4327-aea7-19aa2a019e79/appium/device/start_activity&amp#27;[39m
&amp#27;[38;5;0m[HTTP]&amp#27;[0m &amp#27;[90m{"appPackage":"com.androidsample.generalstore","appActivity":"com.androidsample.generalstore.MainActivity","appWaitPackage":"","appWaitActivity":"","dontStopAppOnReset":false,"intentAction":"","intentCategory":"","intentFlags":"","optionalIntentArguments":""}&amp#27;[39m
[debug] &amp#27;[38;5;32m[AndroidUiautomator2Driver@5b9e (b1089d61)]&amp#27;[0m Calling AppiumDriver.startActivity() with args: ["com.androidsample.generalstore","com.androidsample.generalstore.MainActivity","","","","","","",false,null,null,"b1089d61-05b8-4327-aea7-19aa2a019e79"]
[debug] &amp#27;[38;5;32m[AndroidUiautomator2Driver@5b9e (b1089d61)]&amp#27;[0m Starting package 'com.androidsample.generalstore' and activity 'com.androidsample.generalstore.MainActivity'
[debug] &amp#27;[38;5;64m[ADB]&amp#27;[0m Running 'C:\Users\user\AppData\Local\Android\Sdk\platform-tools\adb.exe -P 5037 -s R58T40NK2WX shell am start -W -n com.androidsample.generalstore/com.androidsample.generalstore.MainActivity -S'
[debug] &amp#27;[38;5;64m[ADB]&amp#27;[0m Waiting up to 20000ms for activity matching pkg: 'com.androidsample.generalstore' and activity: 'com.androidsample.generalstore.MainActivity' to be focused
[debug] &amp#27;[38;5;64m[ADB]&amp#27;[0m Possible activities, to be checked: 'com.androidsample.generalstore.MainActivity', 'com.androidsample.generalstore.com.androidsample.generalstore.MainActivity'
[debug] &amp#27;[38;5;64m[ADB]&amp#27;[0m Getting focused package and activity
[debug] &amp#27;[38;5;64m[ADB]&amp#27;[0m Running 'C:\Users\user\AppData\Local\Android\Sdk\platform-tools\adb.exe -P 5037 -s R58T40NK2WX shell dumpsys window displays'
[debug] &amp#27;[38;5;64m[ADB]&amp#27;[0m Found package: 'com.androidsample.generalstore' and fully qualified activity name : 'com.androidsample.generalstore.MainActivity'
[debug] &amp#27;[38;5;32m[AndroidUiautomator2Driver@5b9e (b1089d61)]&amp#27;[0m Responding to client with driver.startActivity() result: null
&amp#27;[38;5;0m[HTTP]&amp#27;[0m &amp#27;[37m<-- POST /session/b1089d61-05b8-4327-aea7-19aa2a019e79/appium/device/start_activity &amp#27;[39m&amp#27;[32m200&amp#27;[39m &amp#27;[90m1092 ms - 14&amp#27;[39m
&amp#27;[38;5;0m[HTTP]&amp#27;[0m &amp#27;[90m&amp#27;[39m
&amp#27;[38;5;0m[HTTP]&amp#27;[0m &amp#27;[37m-->&amp#27;[39m &amp#27;[37mPOST&amp#27;[39m &amp#27;[37m/session/b1089d61-05b8-4327-aea7-19aa2a019e79/element&amp#27;[39m
&amp#27;[38;5;0m[HTTP]&amp#27;[0m &amp#27;[90m{"using":"id","value":"com.androidsample.generalstore:id/nameField"}&amp#27;[39m
[debug] &amp#27;[38;5;32m[AndroidUiautomator2Driver@5b9e (b1089d61)]&amp#27;[0m Calling AppiumDriver.findElement() with args: ["id","com.androidsample.generalstore:id/nameField","b1089d61-05b8-4327-aea7-19aa2a019e79"]
[debug] &amp#27;[38;5;32m[AndroidUiautomator2Driver@5b9e (b1089d61)]&amp#27;[0m Valid locator strategies for this request: xpath, id, class name, accessibility id, css selector, -android uiautomator
[debug] &amp#27;[38;5;32m[AndroidUiautomator2Driver@5b9e (b1089d61)]&amp#27;[0m Waiting up to 10000 ms for condition
[debug] &amp#27;[38;5;32m[AndroidUiautomator2Driver@5b9e (b1089d61)]&amp#27;[0m Matched '/element' to command name 'findElement'
[debug] &amp#27;[38;5;32m[AndroidUiautomator2Driver@5b9e (b1089d61)]&amp#27;[0m Proxying [POST /element] to [POST http://127.0.0.1:8200/session/9d48ab4a-6906-44ab-a699-7924f6849c9a/element] with body: {"strategy":"id","selector":"com.androidsample.generalstore:id/nameField","context":"","multiple":false}
[debug] &amp#27;[38;5;32m[AndroidUiautomator2Driver@5b9e (b1089d61)]&amp#27;[0m Got response with status 200: {"sessionId":"9d48ab4a-6906-44ab-a699-7924f6849c9a","value":{"ELEMENT":"00000000-0000-07c0-ffff-ffff00000013","element-6066-11e4-a52e-4f735466cecf":"00000000-0000-07c0-ffff-ffff00000013"}}
[debug] &amp#27;[38;5;32m[AndroidUiautomator2Driver@5b9e (b1089d61)]&amp#27;[0m Responding to client with driver.findElement() result: {"element-6066-11e4-a52e-4f735466cecf":"00000000-0000-07c0-ffff-ffff00000013","ELEMENT":"00000000-0000-07c0-ffff-ffff00000013"}
&amp#27;[38;5;0m[HTTP]&amp#27;[0m &amp#27;[37m<-- POST /session/b1089d61-05b8-4327-aea7-19aa2a019e79/element &amp#27;[39m&amp#27;[32m200&amp#27;[39m &amp#27;[90m456 ms - 137&amp#27;[39m
&amp#27;[38;5;0m[HTTP]&amp#27;[0m &amp#27;[90m&amp#27;[39m
&amp#27;[38;5;0m[HTTP]&amp#27;[0m &amp#27;[37m-->&amp#27;[39m &amp#27;[37mPOST&amp#27;[39m &amp#27;[37m/session/b1089d61-05b8-4327-aea7-19aa2a019e79/element/00000000-0000-07c0-ffff-ffff00000013/value&amp#27;[39m
&amp#27;[38;5;0m[HTTP]&amp#27;[0m &amp#27;[90m{"id":"00000000-0000-07c0-ffff-ffff00000013","text":"Harold urueÃ±a","value":["H","a","r","o","l","d"," ","u","r","u","e","Ã±","a"]}&amp#27;[39m
[debug] &amp#27;[38;5;32m[AndroidUiautomator2Driver@5b9e (b1089d61)]&amp#27;[0m Calling AppiumDriver.setValue() with args: [["H","a","r","o","l","d"," ","u","r","u","e","Ã±","a"],"00000000-0000-07c0-ffff-ffff00000013","b1089d61-05b8-4327-aea7-19aa2a019e79"]
[debug] &amp#27;[38;5;32m[AndroidUiautomator2Driver@5b9e (b1089d61)]&amp#27;[0m Matched '/element/00000000-0000-07c0-ffff-ffff00000013/value' to command name 'setValue'
[debug] &amp#27;[38;5;32m[AndroidUiautomator2Driver@5b9e (b1089d61)]&amp#27;[0m Added 'value' property ["H","a","r","o","l","d"," ","u","r","u","e","Ã±","a"] to 'setValue' request body
[debug] &amp#27;[38;5;32m[AndroidUiautomator2Driver@5b9e (b1089d61)]&amp#27;[0m Proxying [POST /element/00000000-0000-07c0-ffff-ffff00000013/value] to [POST http://127.0.0.1:8200/session/9d48ab4a-6906-44ab-a699-7924f6849c9a/element/00000000-0000-07c0-ffff-ffff00000013/value] with body: {"elementId":"00000000-0000-07c0-ffff-ffff00000013","text":"Harold urueÃ±a","replace":false,"value":["H","a","r","o","l","d"," ","u","r","u","e","Ã±","a"]}
[debug] &amp#27;[38;5;32m[AndroidUiautomator2Driver@5b9e (b1089d61)]&amp#27;[0m Got response with status 200: {"sessionId":"9d48ab4a-6906-44ab-a699-7924f6849c9a","value":null}
[debug] &amp#27;[38;5;32m[AndroidUiautomator2Driver@5b9e (b1089d61)]&amp#27;[0m Responding to client with driver.setValue() result: null
&amp#27;[38;5;0m[HTTP]&amp#27;[0m &amp#27;[37m<-- POST /session/b1089d61-05b8-4327-aea7-19aa2a019e79/element/00000000-0000-07c0-ffff-ffff00000013/value &amp#27;[39m&amp#27;[32m200&amp#27;[39m &amp#27;[90m605 ms - 14&amp#27;[39m
&amp#27;[38;5;0m[HTTP]&amp#27;[0m &amp#27;[90m&amp#27;[39m
&amp#27;[38;5;0m[HTTP]&amp#27;[0m &amp#27;[37m-->&amp#27;[39m &amp#27;[37mPOST&amp#27;[39m &amp#27;[37m/session/b1089d61-05b8-4327-aea7-19aa2a019e79/appium/device/hide_keyboard&amp#27;[39m
&amp#27;[38;5;0m[HTTP]&amp#27;[0m &amp#27;[90m{}&amp#27;[39m
[debug] &amp#27;[38;5;32m[AndroidUiautomator2Driver@5b9e (b1089d61)]&amp#27;[0m Calling AppiumDriver.hideKeyboard() with args: [null,null,null,null,"b1089d61-05b8-4327-aea7-19aa2a019e79"]
[debug] &amp#27;[38;5;64m[ADB]&amp#27;[0m Running 'C:\Users\user\AppData\Local\Android\Sdk\platform-tools\adb.exe -P 5037 -s R58T40NK2WX shell dumpsys input_method'
&amp#27;[38;5;64m[ADB]&amp#27;[0m Keyboard has no UI; no closing necessary
[debug] &amp#27;[38;5;32m[AndroidUiautomator2Driver@5b9e (b1089d61)]&amp#27;[0m Responding to client with driver.hideKeyboard() result: false
&amp#27;[38;5;0m[HTTP]&amp#27;[0m &amp#27;[37m<-- POST /session/b1089d61-05b8-4327-aea7-19aa2a019e79/appium/device/hide_keyboard &amp#27;[39m&amp#27;[32m200&amp#27;[39m &amp#27;[90m284 ms - 15&amp#27;[39m
&amp#27;[38;5;0m[HTTP]&amp#27;[0m &amp#27;[90m&amp#27;[39m
&amp#27;[38;5;0m[HTTP]&amp#27;[0m &amp#27;[37m-->&amp#27;[39m &amp#27;[37mPOST&amp#27;[39m &amp#27;[37m/session/b1089d61-05b8-4327-aea7-19aa2a019e79/element&amp#27;[39m
&amp#27;[38;5;0m[HTTP]&amp#27;[0m &amp#27;[90m{"using":"xpath","value":"//android.widget.RadioButton[@text='Female']"}&amp#27;[39m
[debug] &amp#27;[38;5;32m[AndroidUiautomator2Driver@5b9e (b1089d61)]&amp#27;[0m Calling AppiumDriver.findElement() with args: ["xpath","//android.widget.RadioButton[@text='Female']","b1089d61-05b8-4327-aea7-19aa2a019e79"]
[debug] &amp#27;[38;5;32m[AndroidUiautomator2Driver@5b9e (b1089d61)]&amp#27;[0m Valid locator strategies for this request: xpath, id, class name, accessibility id, css selector, -android uiautomator
[debug] &amp#27;[38;5;32m[AndroidUiautomator2Driver@5b9e (b1089d61)]&amp#27;[0m Waiting up to 10000 ms for condition
[debug] &amp#27;[38;5;32m[AndroidUiautomator2Driver@5b9e (b1089d61)]&amp#27;[0m Matched '/element' to command name 'findElement'
[debug] &amp#27;[38;5;32m[AndroidUiautomator2Driver@5b9e (b1089d61)]&amp#27;[0m Proxying [POST /element] to [POST http://127.0.0.1:8200/session/9d48ab4a-6906-44ab-a699-7924f6849c9a/element] with body: {"strategy":"xpath","selector":"//android.widget.RadioButton[@text='Female']","context":"","multiple":false}
[debug] &amp#27;[38;5;32m[AndroidUiautomator2Driver@5b9e (b1089d61)]&amp#27;[0m Got response with status 200: {"sessionId":"9d48ab4a-6906-44ab-a699-7924f6849c9a","value":{"ELEMENT":"00000000-0000-07c0-ffff-ffff00000017","element-6066-11e4-a52e-4f735466cecf":"00000000-0000-07c0-ffff-ffff00000017"}}
[debug] &amp#27;[38;5;32m[AndroidUiautomator2Driver@5b9e (b1089d61)]&amp#27;[0m Responding to client with driver.findElement() result: {"element-6066-11e4-a52e-4f735466cecf":"00000000-0000-07c0-ffff-ffff00000017","ELEMENT":"00000000-0000-07c0-ffff-ffff00000017"}
&amp#27;[38;5;0m[HTTP]&amp#27;[0m &amp#27;[37m<-- POST /session/b1089d61-05b8-4327-aea7-19aa2a019e79/element &amp#27;[39m&amp#27;[32m200&amp#27;[39m &amp#27;[90m433 ms - 137&amp#27;[39m
&amp#27;[38;5;0m[HTTP]&amp#27;[0m &amp#27;[90m&amp#27;[39m
&amp#27;[38;5;0m[HTTP]&amp#27;[0m &amp#27;[37m-->&amp#27;[39m &amp#27;[37mPOST&amp#27;[39m &amp#27;[37m/session/b1089d61-05b8-4327-aea7-19aa2a019e79/element/00000000-0000-07c0-ffff-ffff00000017/click&amp#27;[39m
&amp#27;[38;5;0m[HTTP]&amp#27;[0m &amp#27;[90m{"id":"00000000-0000-07c0-ffff-ffff00000017"}&amp#27;[39m
[debug] &amp#27;[38;5;32m[AndroidUiautomator2Driver@5b9e (b1089d61)]&amp#27;[0m Calling AppiumDriver.click() with args: ["00000000-0000-07c0-ffff-ffff00000017","b1089d61-05b8-4327-aea7-19aa2a019e79"]
[debug] &amp#27;[38;5;32m[AndroidUiautomator2Driver@5b9e (b1089d61)]&amp#27;[0m Matched '/element/00000000-0000-07c0-ffff-ffff00000017/click' to command name 'click'
[debug] &amp#27;[38;5;32m[AndroidUiautomator2Driver@5b9e (b1089d61)]&amp#27;[0m Proxying [POST /element/00000000-0000-07c0-ffff-ffff00000017/click] to [POST http://127.0.0.1:8200/session/9d48ab4a-6906-44ab-a699-7924f6849c9a/element/00000000-0000-07c0-ffff-ffff00000017/click] with body: {"element":"00000000-0000-07c0-ffff-ffff00000017"}
[debug] &amp#27;[38;5;32m[AndroidUiautomator2Driver@5b9e (b1089d61)]&amp#27;[0m Got response with status 200: {"sessionId":"9d48ab4a-6906-44ab-a699-7924f6849c9a","value":null}
[debug] &amp#27;[38;5;32m[AndroidUiautomator2Driver@5b9e (b1089d61)]&amp#27;[0m Responding to client with driver.click() result: null
&amp#27;[38;5;0m[HTTP]&amp#27;[0m &amp#27;[37m<-- POST /session/b1089d61-05b8-4327-aea7-19aa2a019e79/element/00000000-0000-07c0-ffff-ffff00000017/click &amp#27;[39m&amp#27;[32m200&amp#27;[39m &amp#27;[90m112 ms - 14&amp#27;[39m
&amp#27;[38;5;0m[HTTP]&amp#27;[0m &amp#27;[90m&amp#27;[39m
&amp#27;[38;5;0m[HTTP]&amp#27;[0m &amp#27;[37m-->&amp#27;[39m &amp#27;[37mPOST&amp#27;[39m &amp#27;[37m/session/b1089d61-05b8-4327-aea7-19aa2a019e79/element&amp#27;[39m
&amp#27;[38;5;0m[HTTP]&amp#27;[0m &amp#27;[90m{"using":"id","value":"android:id/text1"}&amp#27;[39m
[debug] &amp#27;[38;5;32m[AndroidUiautomator2Driver@5b9e (b1089d61)]&amp#27;[0m Calling AppiumDriver.findElement() with args: ["id","android:id/text1","b1089d61-05b8-4327-aea7-19aa2a019e79"]
[debug] &amp#27;[38;5;32m[AndroidUiautomator2Driver@5b9e (b1089d61)]&amp#27;[0m Valid locator strategies for this request: xpath, id, class name, accessibility id, css selector, -android uiautomator
[debug] &amp#27;[38;5;32m[AndroidUiautomator2Driver@5b9e (b1089d61)]&amp#27;[0m Waiting up to 10000 ms for condition
[debug] &amp#27;[38;5;32m[AndroidUiautomator2Driver@5b9e (b1089d61)]&amp#27;[0m Matched '/element' to command name 'findElement'
[debug] &amp#27;[38;5;32m[AndroidUiautomator2Driver@5b9e (b1089d61)]&amp#27;[0m Proxying [POST /element] to [POST http://127.0.0.1:8200/session/9d48ab4a-6906-44ab-a699-7924f6849c9a/element] with body: {"strategy":"id","selector":"android:id/text1","context":"","multiple":false}
[debug] &amp#27;[38;5;32m[AndroidUiautomator2Driver@5b9e (b1089d61)]&amp#27;[0m Got response with status 200: {"sessionId":"9d48ab4a-6906-44ab-a699-7924f6849c9a","value":{"ELEMENT":"00000000-0000-07c0-ffff-ffff0000001b","element-6066-11e4-a52e-4f735466cecf":"00000000-0000-07c0-ffff-ffff0000001b"}}
[debug] &amp#27;[38;5;32m[AndroidUiautomator2Driver@5b9e (b1089d61)]&amp#27;[0m Responding to client with driver.findElement() result: {"element-6066-11e4-a52e-4f735466cecf":"00000000-0000-07c0-ffff-ffff0000001b","ELEMENT":"00000000-0000-07c0-ffff-ffff0000001b"}
&amp#27;[38;5;0m[HTTP]&amp#27;[0m &amp#27;[37m<-- POST /session/b1089d61-05b8-4327-aea7-19aa2a019e79/element &amp#27;[39m&amp#27;[32m200&amp#27;[39m &amp#27;[90m749 ms - 137&amp#27;[39m
&amp#27;[38;5;0m[HTTP]&amp#27;[0m &amp#27;[90m&amp#27;[39m
&amp#27;[38;5;0m[HTTP]&amp#27;[0m &amp#27;[37m-->&amp#27;[39m &amp#27;[37mPOST&amp#27;[39m &amp#27;[37m/session/b1089d61-05b8-4327-aea7-19aa2a019e79/element/00000000-0000-07c0-ffff-ffff0000001b/click&amp#27;[39m
&amp#27;[38;5;0m[HTTP]&amp#27;[0m &amp#27;[90m{"id":"00000000-0000-07c0-ffff-ffff0000001b"}&amp#27;[39m
[debug] &amp#27;[38;5;32m[AndroidUiautomator2Driver@5b9e (b1089d61)]&amp#27;[0m Calling AppiumDriver.click() with args: ["00000000-0000-07c0-ffff-ffff0000001b","b1089d61-05b8-4327-aea7-19aa2a019e79"]
[debug] &amp#27;[38;5;32m[AndroidUiautomator2Driver@5b9e (b1089d61)]&amp#27;[0m Matched '/element/00000000-0000-07c0-ffff-ffff0000001b/click' to command name 'click'
[debug] &amp#27;[38;5;32m[AndroidUiautomator2Driver@5b9e (b1089d61)]&amp#27;[0m Proxying [POST /element/00000000-0000-07c0-ffff-ffff0000001b/click] to [POST http://127.0.0.1:8200/session/9d48ab4a-6906-44ab-a699-7924f6849c9a/element/00000000-0000-07c0-ffff-ffff0000001b/click] with body: {"element":"00000000-0000-07c0-ffff-ffff0000001b"}
[debug] &amp#27;[38;5;32m[AndroidUiautomator2Driver@5b9e (b1089d61)]&amp#27;[0m Got response with status 200: {"sessionId":"9d48ab4a-6906-44ab-a699-7924f6849c9a","value":null}
[debug] &amp#27;[38;5;32m[AndroidUiautomator2Driver@5b9e (b1089d61)]&amp#27;[0m Responding to client with driver.click() result: null
&amp#27;[38;5;0m[HTTP]&amp#27;[0m &amp#27;[37m<-- POST /session/b1089d61-05b8-4327-aea7-19aa2a019e79/element/00000000-0000-07c0-ffff-ffff0000001b/click &amp#27;[39m&amp#27;[32m200&amp#27;[39m &amp#27;[90m118 ms - 14&amp#27;[39m
&amp#27;[38;5;0m[HTTP]&amp#27;[0m &amp#27;[90m&amp#27;[39m
&amp#27;[38;5;0m[HTTP]&amp#27;[0m &amp#27;[37m-->&amp#27;[39m &amp#27;[37mPOST&amp#27;[39m &amp#27;[37m/session/b1089d61-05b8-4327-aea7-19aa2a019e79/element&amp#27;[39m
&amp#27;[38;5;0m[HTTP]&amp#27;[0m &amp#27;[90m{"using":"-android uiautomator","value":"new UiScrollable(new UiSelector()).scrollIntoView(text(\"Argentina\"));"}&amp#27;[39m
[debug] &amp#27;[38;5;32m[AndroidUiautomator2Driver@5b9e (b1089d61)]&amp#27;[0m Calling AppiumDriver.findElement() with args: ["-android uiautomator","new UiScrollable(new UiSelector()).scrollIntoView(text(\"Argentina\"));","b1089d61-05b8-4327-aea7-19aa2a019e79"]
[debug] &amp#27;[38;5;32m[AndroidUiautomator2Driver@5b9e (b1089d61)]&amp#27;[0m Valid locator strategies for this request: xpath, id, class name, accessibility id, css selector, -android uiautomator
[debug] &amp#27;[38;5;32m[AndroidUiautomator2Driver@5b9e (b1089d61)]&amp#27;[0m Waiting up to 10000 ms for condition
[debug] &amp#27;[38;5;32m[AndroidUiautomator2Driver@5b9e (b1089d61)]&amp#27;[0m Matched '/element' to command name 'findElement'
[debug] &amp#27;[38;5;32m[AndroidUiautomator2Driver@5b9e (b1089d61)]&amp#27;[0m Proxying [POST /element] to [POST http://127.0.0.1:8200/session/9d48ab4a-6906-44ab-a699-7924f6849c9a/element] with body: {"strategy":"-android uiautomator","selector":"new UiScrollable(new UiSelector()).scrollIntoView(text(\"Argentina\"));","context":"","multiple":false}
[debug] &amp#27;[38;5;32m[AndroidUiautomator2Driver@5b9e (b1089d61)]&amp#27;[0m Got response with status 200: {"sessionId":"9d48ab4a-6906-44ab-a699-7924f6849c9a","value":{"ELEMENT":"00000000-0000-07c1-ffff-ffff00000029","element-6066-11e4-a52e-4f735466cecf":"00000000-0000-07c1-ffff-ffff00000029"}}
[debug] &amp#27;[38;5;32m[AndroidUiautomator2Driver@5b9e (b1089d61)]&amp#27;[0m Responding to client with driver.findElement() result: {"element-6066-11e4-a52e-4f735466cecf":"00000000-0000-07c1-ffff-ffff00000029","ELEMENT":"00000000-0000-07c1-ffff-ffff00000029"}
&amp#27;[38;5;0m[HTTP]&amp#27;[0m &amp#27;[37m<-- POST /session/b1089d61-05b8-4327-aea7-19aa2a019e79/element &amp#27;[39m&amp#27;[32m200&amp#27;[39m &amp#27;[90m1227 ms - 137&amp#27;[39m
&amp#27;[38;5;0m[HTTP]&amp#27;[0m &amp#27;[90m&amp#27;[39m
&amp#27;[38;5;0m[HTTP]&amp#27;[0m &amp#27;[37m-->&amp#27;[39m &amp#27;[37mPOST&amp#27;[39m &amp#27;[37m/session/b1089d61-05b8-4327-aea7-19aa2a019e79/element&amp#27;[39m
&amp#27;[38;5;0m[HTTP]&amp#27;[0m &amp#27;[90m{"using":"xpath","value":"//android.widget.TextView[@text='Argentina']"}&amp#27;[39m
[debug] &amp#27;[38;5;32m[AndroidUiautomator2Driver@5b9e (b1089d61)]&amp#27;[0m Calling AppiumDriver.findElement() with args: ["xpath","//android.widget.TextView[@text='Argentina']","b1089d61-05b8-4327-aea7-19aa2a019e79"]
[debug] &amp#27;[38;5;32m[AndroidUiautomator2Driver@5b9e (b1089d61)]&amp#27;[0m Valid locator strategies for this request: xpath, id, class name, accessibility id, css selector, -android uiautomator
[debug] &amp#27;[38;5;32m[AndroidUiautomator2Driver@5b9e (b1089d61)]&amp#27;[0m Waiting up to 10000 ms for condition
[debug] &amp#27;[38;5;32m[AndroidUiautomator2Driver@5b9e (b1089d61)]&amp#27;[0m Matched '/element' to command name 'findElement'
[debug] &amp#27;[38;5;32m[AndroidUiautomator2Driver@5b9e (b1089d61)]&amp#27;[0m Proxying [POST /element] to [POST http://127.0.0.1:8200/session/9d48ab4a-6906-44ab-a699-7924f6849c9a/element] with body: {"strategy":"xpath","selector":"//android.widget.TextView[@text='Argentina']","context":"","multiple":false}
[debug] &amp#27;[38;5;32m[AndroidUiautomator2Driver@5b9e (b1089d61)]&amp#27;[0m Got response with status 200: {"sessionId":"9d48ab4a-6906-44ab-a699-7924f6849c9a","value":{"ELEMENT":"00000000-0000-07c1-ffff-ffff00000029","element-6066-11e4-a52e-4f735466cecf":"00000000-0000-07c1-ffff-ffff00000029"}}
[debug] &amp#27;[38;5;32m[AndroidUiautomator2Driver@5b9e (b1089d61)]&amp#27;[0m Responding to client with driver.findElement() result: {"element-6066-11e4-a52e-4f735466cecf":"00000000-0000-07c1-ffff-ffff00000029","ELEMENT":"00000000-0000-07c1-ffff-ffff00000029"}
&amp#27;[38;5;0m[HTTP]&amp#27;[0m &amp#27;[37m<-- POST /session/b1089d61-05b8-4327-aea7-19aa2a019e79/element &amp#27;[39m&amp#27;[32m200&amp#27;[39m &amp#27;[90m387 ms - 137&amp#27;[39m
&amp#27;[38;5;0m[HTTP]&amp#27;[0m &amp#27;[90m&amp#27;[39m
&amp#27;[38;5;0m[HTTP]&amp#27;[0m &amp#27;[37m-->&amp#27;[39m &amp#27;[37mPOST&amp#27;[39m &amp#27;[37m/session/b1089d61-05b8-4327-aea7-19aa2a019e79/element/00000000-0000-07c1-ffff-ffff00000029/click&amp#27;[39m
&amp#27;[38;5;0m[HTTP]&amp#27;[0m &amp#27;[90m{"id":"00000000-0000-07c1-ffff-ffff00000029"}&amp#27;[39m
[debug] &amp#27;[38;5;32m[AndroidUiautomator2Driver@5b9e (b1089d61)]&amp#27;[0m Calling AppiumDriver.click() with args: ["00000000-0000-07c1-ffff-ffff00000029","b1089d61-05b8-4327-aea7-19aa2a019e79"]
[debug] &amp#27;[38;5;32m[AndroidUiautomator2Driver@5b9e (b1089d61)]&amp#27;[0m Matched '/element/00000000-0000-07c1-ffff-ffff00000029/click' to command name 'click'
[debug] &amp#27;[38;5;32m[AndroidUiautomator2Driver@5b9e (b1089d61)]&amp#27;[0m Proxying [POST /element/00000000-0000-07c1-ffff-ffff00000029/click] to [POST http://127.0.0.1:8200/session/9d48ab4a-6906-44ab-a699-7924f6849c9a/element/00000000-0000-07c1-ffff-ffff00000029/click] with body: {"element":"00000000-0000-07c1-ffff-ffff00000029"}
[debug] &amp#27;[38;5;32m[AndroidUiautomator2Driver@5b9e (b1089d61)]&amp#27;[0m Got response with status 200: {"sessionId":"9d48ab4a-6906-44ab-a699-7924f6849c9a","value":null}
[debug] &amp#27;[38;5;32m[AndroidUiautomator2Driver@5b9e (b1089d61)]&amp#27;[0m Responding to client with driver.click() result: null
&amp#27;[38;5;0m[HTTP]&amp#27;[0m &amp#27;[37m<-- POST /session/b1089d61-05b8-4327-aea7-19aa2a019e79/element/00000000-0000-07c1-ffff-ffff00000029/click &amp#27;[39m&amp#27;[32m200&amp#27;[39m &amp#27;[90m833 ms - 14&amp#27;[39m
&amp#27;[38;5;0m[HTTP]&amp#27;[0m &amp#27;[90m&amp#27;[39m
&amp#27;[38;5;0m[HTTP]&amp#27;[0m &amp#27;[37m-->&amp#27;[39m &amp#27;[37mPOST&amp#27;[39m &amp#27;[37m/session/b1089d61-05b8-4327-aea7-19aa2a019e79/element&amp#27;[39m
&amp#27;[38;5;0m[HTTP]&amp#27;[0m &amp#27;[90m{"using":"id","value":"com.androidsample.generalstore:id/btnLetsShop"}&amp#27;[39m
[debug] &amp#27;[38;5;32m[AndroidUiautomator2Driver@5b9e (b1089d61)]&amp#27;[0m Calling AppiumDriver.findElement() with args: ["id","com.androidsample.generalstore:id/btnLetsShop","b1089d61-05b8-4327-aea7-19aa2a019e79"]
[debug] &amp#27;[38;5;32m[AndroidUiautomator2Driver@5b9e (b1089d61)]&amp#27;[0m Valid locator strategies for this request: xpath, id, class name, accessibility id, css selector, -android uiautomator
[debug] &amp#27;[38;5;32m[AndroidUiautomator2Driver@5b9e (b1089d61)]&amp#27;[0m Waiting up to 10000 ms for condition
[debug] &amp#27;[38;5;32m[AndroidUiautomator2Driver@5b9e (b1089d61)]&amp#27;[0m Matched '/element' to command name 'findElement'
[debug] &amp#27;[38;5;32m[AndroidUiautomator2Driver@5b9e (b1089d61)]&amp#27;[0m Proxying [POST /element] to [POST http://127.0.0.1:8200/session/9d48ab4a-6906-44ab-a699-7924f6849c9a/element] with body: {"strategy":"id","selector":"com.androidsample.generalstore:id/btnLetsShop","context":"","multiple":false}
[debug] &amp#27;[38;5;32m[AndroidUiautomator2Driver@5b9e (b1089d61)]&amp#27;[0m Got response with status 200: {"sessionId":"9d48ab4a-6906-44ab-a699-7924f6849c9a","value":{"ELEMENT":"00000000-0000-07c0-ffff-ffff00000018","element-6066-11e4-a52e-4f735466cecf":"00000000-0000-07c0-ffff-ffff00000018"}}
[debug] &amp#27;[38;5;32m[AndroidUiautomator2Driver@5b9e (b1089d61)]&amp#27;[0m Responding to client with driver.findElement() result: {"element-6066-11e4-a52e-4f735466cecf":"00000000-0000-07c0-ffff-ffff00000018","ELEMENT":"00000000-0000-07c0-ffff-ffff00000018"}
&amp#27;[38;5;0m[HTTP]&amp#27;[0m &amp#27;[37m<-- POST /session/b1089d61-05b8-4327-aea7-19aa2a019e79/element &amp#27;[39m&amp#27;[32m200&amp#27;[39m &amp#27;[90m259 ms - 137&amp#27;[39m
&amp#27;[38;5;0m[HTTP]&amp#27;[0m &amp#27;[90m&amp#27;[39m
&amp#27;[38;5;0m[HTTP]&amp#27;[0m &amp#27;[37m-->&amp#27;[39m &amp#27;[37mPOST&amp#27;[39m &amp#27;[37m/session/b1089d61-05b8-4327-aea7-19aa2a019e79/element/00000000-0000-07c0-ffff-ffff00000018/click&amp#27;[39m
&amp#27;[38;5;0m[HTTP]&amp#27;[0m &amp#27;[90m{"id":"00000000-0000-07c0-ffff-ffff00000018"}&amp#27;[39m
[debug] &amp#27;[38;5;32m[AndroidUiautomator2Driver@5b9e (b1089d61)]&amp#27;[0m Calling AppiumDriver.click() with args: ["00000000-0000-07c0-ffff-ffff00000018","b1089d61-05b8-4327-aea7-19aa2a019e79"]
[debug] &amp#27;[38;5;32m[AndroidUiautomator2Driver@5b9e (b1089d61)]&amp#27;[0m Matched '/element/00000000-0000-07c0-ffff-ffff00000018/click' to command name 'click'
[debug] &amp#27;[38;5;32m[AndroidUiautomator2Driver@5b9e (b1089d61)]&amp#27;[0m Proxying [POST /element/00000000-0000-07c0-ffff-ffff00000018/click] to [POST http://127.0.0.1:8200/session/9d48ab4a-6906-44ab-a699-7924f6849c9a/element/00000000-0000-07c0-ffff-ffff00000018/click] with body: {"element":"00000000-0000-07c0-ffff-ffff00000018"}
[debug] &amp#27;[38;5;32m[AndroidUiautomator2Driver@5b9e (b1089d61)]&amp#27;[0m Got response with status 200: {"sessionId":"9d48ab4a-6906-44ab-a699-7924f6849c9a","value":null}
[debug] &amp#27;[38;5;32m[AndroidUiautomator2Driver@5b9e (b1089d61)]&amp#27;[0m Responding to client with driver.click() result: null
&amp#27;[38;5;0m[HTTP]&amp#27;[0m &amp#27;[37m<-- POST /session/b1089d61-05b8-4327-aea7-19aa2a019e79/element/00000000-0000-07c0-ffff-ffff00000018/click &amp#27;[39m&amp#27;[32m200&amp#27;[39m &amp#27;[90m137 ms - 14&amp#27;[39m
&amp#27;[38;5;0m[HTTP]&amp#27;[0m &amp#27;[90m&amp#27;[39m
&amp#27;[38;5;0m[HTTP]&amp#27;[0m &amp#27;[37m-->&amp#27;[39m &amp#27;[37mPOST&amp#27;[39m &amp#27;[37m/session/b1089d61-05b8-4327-aea7-19aa2a019e79/elements&amp#27;[39m
&amp#27;[38;5;0m[HTTP]&amp#27;[0m &amp#27;[90m{"using":"xpath","value":"(//android.widget.Toast)[1]"}&amp#27;[39m
[debug] &amp#27;[38;5;32m[AndroidUiautomator2Driver@5b9e (b1089d61)]&amp#27;[0m Calling AppiumDriver.findElements() with args: ["xpath","(//android.widget.Toast)[1]","b1089d61-05b8-4327-aea7-19aa2a019e79"]
[debug] &amp#27;[38;5;32m[AndroidUiautomator2Driver@5b9e (b1089d61)]&amp#27;[0m Valid locator strategies for this request: xpath, id, class name, accessibility id, css selector, -android uiautomator
[debug] &amp#27;[38;5;32m[AndroidUiautomator2Driver@5b9e (b1089d61)]&amp#27;[0m Waiting up to 10000 ms for condition
[debug] &amp#27;[38;5;32m[AndroidUiautomator2Driver@5b9e (b1089d61)]&amp#27;[0m Matched '/elements' to command name 'findElements'
[debug] &amp#27;[38;5;32m[AndroidUiautomator2Driver@5b9e (b1089d61)]&amp#27;[0m Proxying [POST /elements] to [POST http://127.0.0.1:8200/session/9d48ab4a-6906-44ab-a699-7924f6849c9a/elements] with body: {"strategy":"xpath","selector":"(//android.widget.Toast)[1]","context":"","multiple":true}
[debug] &amp#27;[38;5;32m[AndroidUiautomator2Driver@5b9e (b1089d61)]&amp#27;[0m Got response with status 200: {"sessionId":"9d48ab4a-6906-44ab-a699-7924f6849c9a","value":[]}
[debug] &amp#27;[38;5;32m[AndroidUiautomator2Driver@5b9e (b1089d61)]&amp#27;[0m Waited for 1832 ms so far
[debug] &amp#27;[38;5;32m[AndroidUiautomator2Driver@5b9e (b1089d61)]&amp#27;[0m Matched '/elements' to command name 'findElements'
[debug] &amp#27;[38;5;32m[AndroidUiautomator2Driver@5b9e (b1089d61)]&amp#27;[0m Proxying [POST /elements] to [POST http://127.0.0.1:8200/session/9d48ab4a-6906-44ab-a699-7924f6849c9a/elements] with body: {"strategy":"xpath","selector":"(//android.widget.Toast)[1]","context":"","multiple":true}
[debug] &amp#27;[38;5;32m[AndroidUiautomator2Driver@5b9e (b1089d61)]&amp#27;[0m Got response with status 200: {"sessionId":"9d48ab4a-6906-44ab-a699-7924f6849c9a","value":[]}
[debug] &amp#27;[38;5;32m[AndroidUiautomator2Driver@5b9e (b1089d61)]&amp#27;[0m Waited for 2823 ms so far
[debug] &amp#27;[38;5;32m[AndroidUiautomator2Driver@5b9e (b1089d61)]&amp#27;[0m Matched '/elements' to command name 'findElements'
[debug] &amp#27;[38;5;32m[AndroidUiautomator2Driver@5b9e (b1089d61)]&amp#27;[0m Proxying [POST /elements] to [POST http://127.0.0.1:8200/session/9d48ab4a-6906-44ab-a699-7924f6849c9a/elements] with body: {"strategy":"xpath","selector":"(//android.widget.Toast)[1]","context":"","multiple":true}
[debug] &amp#27;[38;5;32m[AndroidUiautomator2Driver@5b9e (b1089d61)]&amp#27;[0m Got response with status 200: {"sessionId":"9d48ab4a-6906-44ab-a699-7924f6849c9a","value":[]}
[debug] &amp#27;[38;5;32m[AndroidUiautomator2Driver@5b9e (b1089d61)]&amp#27;[0m Waited for 3820 ms so far
[debug] &amp#27;[38;5;32m[AndroidUiautomator2Driver@5b9e (b1089d61)]&amp#27;[0m Matched '/elements' to command name 'findElements'
[debug] &amp#27;[38;5;32m[AndroidUiautomator2Driver@5b9e (b1089d61)]&amp#27;[0m Proxying [POST /elements] to [POST http://127.0.0.1:8200/session/9d48ab4a-6906-44ab-a699-7924f6849c9a/elements] with body: {"strategy":"xpath","selector":"(//android.widget.Toast)[1]","context":"","multiple":true}
[debug] &amp#27;[38;5;32m[AndroidUiautomator2Driver@5b9e (b1089d61)]&amp#27;[0m Got response with status 200: {"sessionId":"9d48ab4a-6906-44ab-a699-7924f6849c9a","value":[]}
[debug] &amp#27;[38;5;32m[AndroidUiautomator2Driver@5b9e (b1089d61)]&amp#27;[0m Waited for 4800 ms so far
[debug] &amp#27;[38;5;32m[AndroidUiautomator2Driver@5b9e (b1089d61)]&amp#27;[0m Matched '/elements' to command name 'findElements'
[debug] &amp#27;[38;5;32m[AndroidUiautomator2Driver@5b9e (b1089d61)]&amp#27;[0m Proxying [POST /elements] to [POST http://127.0.0.1:8200/session/9d48ab4a-6906-44ab-a699-7924f6849c9a/elements] with body: {"strategy":"xpath","selector":"(//android.widget.Toast)[1]","context":"","multiple":true}
[debug] &amp#27;[38;5;32m[AndroidUiautomator2Driver@5b9e (b1089d61)]&amp#27;[0m Got response with status 200: {"sessionId":"9d48ab4a-6906-44ab-a699-7924f6849c9a","value":[]}
[debug] &amp#27;[38;5;32m[AndroidUiautomator2Driver@5b9e (b1089d61)]&amp#27;[0m Waited for 5800 ms so far
[debug] &amp#27;[38;5;32m[AndroidUiautomator2Driver@5b9e (b1089d61)]&amp#27;[0m Matched '/elements' to command name 'findElements'
[debug] &amp#27;[38;5;32m[AndroidUiautomator2Driver@5b9e (b1089d61)]&amp#27;[0m Proxying [POST /elements] to [POST http://127.0.0.1:8200/session/9d48ab4a-6906-44ab-a699-7924f6849c9a/elements] with body: {"strategy":"xpath","selector":"(//android.widget.Toast)[1]","context":"","multiple":true}
[debug] &amp#27;[38;5;32m[AndroidUiautomator2Driver@5b9e (b1089d61)]&amp#27;[0m Got response with status 200: {"sessionId":"9d48ab4a-6906-44ab-a699-7924f6849c9a","value":[]}
[debug] &amp#27;[38;5;32m[AndroidUiautomator2Driver@5b9e (b1089d61)]&amp#27;[0m Waited for 6829 ms so far
[debug] &amp#27;[38;5;32m[AndroidUiautomator2Driver@5b9e (b1089d61)]&amp#27;[0m Matched '/elements' to command name 'findElements'
[debug] &amp#27;[38;5;32m[AndroidUiautomator2Driver@5b9e (b1089d61)]&amp#27;[0m Proxying [POST /elements] to [POST http://127.0.0.1:8200/session/9d48ab4a-6906-44ab-a699-7924f6849c9a/elements] with body: {"strategy":"xpath","selector":"(//android.widget.Toast)[1]","context":"","multiple":true}
[debug] &amp#27;[38;5;32m[AndroidUiautomator2Driver@5b9e (b1089d61)]&amp#27;[0m Got response with status 200: {"sessionId":"9d48ab4a-6906-44ab-a699-7924f6849c9a","value":[]}
[debug] &amp#27;[38;5;32m[AndroidUiautomator2Driver@5b9e (b1089d61)]&amp#27;[0m Waited for 7813 ms so far
[debug] &amp#27;[38;5;32m[AndroidUiautomator2Driver@5b9e (b1089d61)]&amp#27;[0m Matched '/elements' to command name 'findElements'
[debug] &amp#27;[38;5;32m[AndroidUiautomator2Driver@5b9e (b1089d61)]&amp#27;[0m Proxying [POST /elements] to [POST http://127.0.0.1:8200/session/9d48ab4a-6906-44ab-a699-7924f6849c9a/elements] with body: {"strategy":"xpath","selector":"(//android.widget.Toast)[1]","context":"","multiple":true}
[debug] &amp#27;[38;5;32m[AndroidUiautomator2Driver@5b9e (b1089d61)]&amp#27;[0m Got response with status 200: {"sessionId":"9d48ab4a-6906-44ab-a699-7924f6849c9a","value":[]}
[debug] &amp#27;[38;5;32m[AndroidUiautomator2Driver@5b9e (b1089d61)]&amp#27;[0m Waited for 8774 ms so far
[debug] &amp#27;[38;5;32m[AndroidUiautomator2Driver@5b9e (b1089d61)]&amp#27;[0m Matched '/elements' to command name 'findElements'
[debug] &amp#27;[38;5;32m[AndroidUiautomator2Driver@5b9e (b1089d61)]&amp#27;[0m Proxying [POST /elements] to [POST http://127.0.0.1:8200/session/9d48ab4a-6906-44ab-a699-7924f6849c9a/elements] with body: {"strategy":"xpath","selector":"(//android.widget.Toast)[1]","context":"","multiple":true}
[debug] &amp#27;[38;5;32m[AndroidUiautomator2Driver@5b9e (b1089d61)]&amp#27;[0m Got response with status 200: {"sessionId":"9d48ab4a-6906-44ab-a699-7924f6849c9a","value":[]}
[debug] &amp#27;[38;5;32m[AndroidUiautomator2Driver@5b9e (b1089d61)]&amp#27;[0m Waited for 9825 ms so far
[debug] &amp#27;[38;5;32m[AndroidUiautomator2Driver@5b9e (b1089d61)]&amp#27;[0m Matched '/elements' to command name 'findElements'
[debug] &amp#27;[38;5;32m[AndroidUiautomator2Driver@5b9e (b1089d61)]&amp#27;[0m Proxying [POST /elements] to [POST http://127.0.0.1:8200/session/9d48ab4a-6906-44ab-a699-7924f6849c9a/elements] with body: {"strategy":"xpath","selector":"(//android.widget.Toast)[1]","context":"","multiple":true}
[debug] &amp#27;[38;5;32m[AndroidUiautomator2Driver@5b9e (b1089d61)]&amp#27;[0m Got response with status 200: {"sessionId":"9d48ab4a-6906-44ab-a699-7924f6849c9a","value":[]}
[debug] &amp#27;[38;5;32m[AndroidUiautomator2Driver@5b9e (b1089d61)]&amp#27;[0m Responding to client with driver.findElements() result: []
&amp#27;[38;5;0m[HTTP]&amp#27;[0m &amp#27;[37m<-- POST /session/b1089d61-05b8-4327-aea7-19aa2a019e79/elements &amp#27;[39m&amp#27;[32m200&amp#27;[39m &amp#27;[90m10483 ms - 12&amp#27;[39m
&amp#27;[38;5;0m[HTTP]&amp#27;[0m &amp#27;[90m&amp#27;[39m
]]></system-out>
  </testcase>
</testsuite>