<?xml version="1.0" encoding="UTF-8"?>
<!-- Generated by org.testng.reporters.JUnitReportReporter -->
<testsuite hostname="DESKTOP-C1A7H9V" failures="0" tests="1" name="testsPageObject.ValidationTitles" time="8.610" errors="0" timestamp="2024-03-28T18:01:35 COT" skipped="0">
  <testcase classname="testsPageObject.ValidationTitles" name="ValidationsTitles" time="8.610"/>
</testsuite> <!-- testsPageObject.ValidationTitles -->
