<?xml version="1.0" encoding="UTF-8"?>
<!-- Generated by org.testng.reporters.JUnitReportReporter -->
<testsuite hostname="DESKTOP-C1A7H9V" failures="0" tests="2" name="testsPageObject.fillForm" time="24.540" errors="0" timestamp="2024-03-27T01:31:03 COT" skipped="0">
  <testcase classname="testsPageObject.fillForm" name="FillForm_ErrorValidation" time="7.441"/>
  <system-out/>
  <testcase classname="testsPageObject.fillForm" name="FillForm_PositiveFlow" time="17.099"/>
  <system-out/>
</testsuite> <!-- testsPageObject.fillForm -->
