<?xml version="1.0" encoding="UTF-8"?>
<!-- Generated by org.testng.reporters.JUnitReportReporter -->
<testsuite hostname="DESKTOP-C1A7H9V" failures="0" tests="3" name="testsPageObject.store_Product" time="134.129" errors="0" timestamp="2024-03-22T03:11:59 COT" skipped="0">
  <testcase classname="testsPageObject.store_Product" name="testPaginaPrincipal" time="93.920"/>
  <system-out/>
  <testcase classname="testsPageObject.store_Product" name="testPaginaPrincipal" time="16.009"/>
  <system-out/>
  <testcase classname="testsPageObject.store_Product" name="testPaginaPrincipal" time="24.200"/>
  <system-out/>
</testsuite> <!-- testsPageObject.store_Product -->
