<?xml version="1.0" encoding="UTF-8"?>
<!-- Generated by org.testng.reporters.JUnitReportReporter -->
<testsuite hostname="DESKTOP-C1A7H9V" failures="0" tests="3" name="testsPageObject.store_Product" time="134.843" errors="0" timestamp="2024-03-26T23:22:15 COT" skipped="0">
  <testcase classname="testsPageObject.store_Product" name="testPaginaPrincipal" time="92.565"/>
  <system-out/>
  <testcase classname="testsPageObject.store_Product" name="testPaginaPrincipal" time="25.152"/>
  <system-out/>
  <testcase classname="testsPageObject.store_Product" name="testPaginaPrincipal" time="17.126"/>
  <system-out/>
</testsuite> <!-- testsPageObject.store_Product -->
